This file contains any messages produced by compilers while
running configure, to aid debugging if configure makes a mistake.

It was created by configure, which was
generated by GNU Autoconf 2.59.  Invocation command line was

  $ ./configure --prefix=/usr/local --enable-shared --cache-file=/dev/null --srcdir=.

## --------- ##
## Platform. ##
## --------- ##

hostname = darkstar
uname -m = i686
uname -r = 2.6.29.6-smp
uname -s = Linux
uname -v = #2 SMP Mon Aug 17 00:52:54 CDT 2009

/usr/bin/uname -p = AMD Phenom(tm) II X2 545 Processor
/bin/uname -X     = unknown

/bin/arch              = i686
/usr/bin/arch -k       = unknown
/usr/convex/getsysinfo = unknown
hostinfo               = unknown
/bin/machine           = unknown
/usr/bin/oslevel       = unknown
/bin/universe          = unknown

PATH: /usr/local/sbin
PATH: /usr/sbin
PATH: /sbin
PATH: /usr/local/bin
PATH: /usr/bin
PATH: /bin
PATH: /usr/games


## ----------- ##
## Core tests. ##
## ----------- ##

configure:1366: checking for g++
configure:1382: found /usr/bin/g++
configure:1392: result: g++
configure:1408: checking for C++ compiler version
configure:1411: g++ --version </dev/null >&5
g++ (GCC) 4.3.3
Copyright (C) 2008 Free Software Foundation, Inc.
This is free software; see the source for copying conditions.  There is NO
warranty; not even for MERCHANTABILITY or FITNESS FOR A PARTICULAR PURPOSE.

configure:1414: $? = 0
configure:1416: g++ -v </dev/null >&5
Reading specs from /usr/lib/gcc/i486-slackware-linux/4.3.3/specs
Target: i486-slackware-linux
Configured with: ../gcc-4.3.3/configure --prefix=/usr --libdir=/usr/lib --enable-shared --enable-bootstrap --enable-languages=ada,c,c++,fortran,java,objc --enable-threads=posix --enable-checking=release --with-system-zlib --disable-libunwind-exceptions --enable-__cxa_atexit --enable-libssp --with-gnu-ld --verbose --with-arch=i486 --target=i486-slackware-linux --build=i486-slackware-linux --host=i486-slackware-linux
Thread model: posix
gcc version 4.3.3 (GCC) 
configure:1419: $? = 0
configure:1421: g++ -V </dev/null >&5
g++: '-V' option must have argument
configure:1424: $? = 1
configure:1447: checking for C++ compiler default output file name
configure:1450: g++    conftest.cc  >&5
configure:1453: $? = 0
configure:1499: result: a.out
configure:1504: checking whether the C++ compiler works
configure:1510: ./a.out
configure:1513: $? = 0
configure:1530: result: yes
configure:1537: checking whether we are cross compiling
configure:1539: result: no
configure:1542: checking for suffix of executables
configure:1544: g++ -o conftest    conftest.cc  >&5
configure:1547: $? = 0
configure:1572: result: 
configure:1578: checking for suffix of object files
configure:1599: g++ -c   conftest.cc >&5
configure:1602: $? = 0
configure:1624: result: o
configure:1628: checking whether we are using the GNU C++ compiler
configure:1652: g++ -c   conftest.cc >&5
configure:1658: $? = 0
configure:1662: test -z 
			 || test ! -s conftest.err
configure:1665: $? = 0
configure:1668: test -s conftest.o
configure:1671: $? = 0
configure:1684: result: yes
configure:1690: checking whether g++ accepts -g
configure:1711: g++ -c -g  conftest.cc >&5
configure:1717: $? = 0
configure:1721: test -z 
			 || test ! -s conftest.err
configure:1724: $? = 0
configure:1727: test -s conftest.o
configure:1730: $? = 0
configure:1741: result: yes
configure:1783: g++ -c -g -O2  conftest.cc >&5
configure:1789: $? = 0
configure:1793: test -z 
			 || test ! -s conftest.err
configure:1796: $? = 0
configure:1799: test -s conftest.o
configure:1802: $? = 0
configure:1828: g++ -c -g -O2  conftest.cc >&5
conftest.cc: In function 'int main()':
conftest.cc:13: error: 'exit' was not declared in this scope
configure:1834: $? = 1
configure: failed program was:
| /* confdefs.h.  */
| 
| #define PACKAGE_NAME ""
| #define PACKAGE_TARNAME ""
| #define PACKAGE_VERSION ""
| #define PACKAGE_STRING ""
| #define PACKAGE_BUGREPORT ""
| /* end confdefs.h.  */
| 
| int
| main ()
| {
| exit (42);
|   ;
|   return 0;
| }
configure:1783: g++ -c -g -O2  conftest.cc >&5
conftest.cc:9: error: 'void std::exit(int)' should have been declared inside 'std'
configure:1789: $? = 1
configure: failed program was:
| /* confdefs.h.  */
| 
| #define PACKAGE_NAME ""
| #define PACKAGE_TARNAME ""
| #define PACKAGE_VERSION ""
| #define PACKAGE_STRING ""
| #define PACKAGE_BUGREPORT ""
| /* end confdefs.h.  */
| extern "C" void std::exit (int) throw (); using std::exit;
| #include <stdlib.h>
| int
| main ()
| {
| exit (42);
|   ;
|   return 0;
| }
configure:1783: g++ -c -g -O2  conftest.cc >&5
conftest.cc:9: error: 'void std::exit(int)' should have been declared inside 'std'
In file included from conftest.cc:10:
/usr/include/stdlib.h:531: error: declaration of 'void std::exit(int) throw ()' throws different exceptions
conftest.cc:9: error: from previous declaration 'void std::exit(int)'
configure:1789: $? = 1
configure: failed program was:
| /* confdefs.h.  */
| 
| #define PACKAGE_NAME ""
| #define PACKAGE_TARNAME ""
| #define PACKAGE_VERSION ""
| #define PACKAGE_STRING ""
| #define PACKAGE_BUGREPORT ""
| /* end confdefs.h.  */
| extern "C" void std::exit (int); using std::exit;
| #include <stdlib.h>
| int
| main ()
| {
| exit (42);
|   ;
|   return 0;
| }
configure:1783: g++ -c -g -O2  conftest.cc >&5
configure:1789: $? = 0
configure:1793: test -z 
			 || test ! -s conftest.err
configure:1796: $? = 0
configure:1799: test -s conftest.o
configure:1802: $? = 0
configure:1828: g++ -c -g -O2  conftest.cc >&5
configure:1834: $? = 0
configure:1838: test -z 
			 || test ! -s conftest.err
configure:1841: $? = 0
configure:1844: test -s conftest.o
configure:1847: $? = 0
configure:1963: checking for gcc
configure:1979: found /usr/bin/gcc
configure:1989: result: gcc
configure:2233: checking for C compiler version
configure:2236: gcc --version </dev/null >&5
gcc (GCC) 4.3.3
Copyright (C) 2008 Free Software Foundation, Inc.
This is free software; see the source for copying conditions.  There is NO
warranty; not even for MERCHANTABILITY or FITNESS FOR A PARTICULAR PURPOSE.

configure:2239: $? = 0
configure:2241: gcc -v </dev/null >&5
Reading specs from /usr/lib/gcc/i486-slackware-linux/4.3.3/specs
Target: i486-slackware-linux
Configured with: ../gcc-4.3.3/configure --prefix=/usr --libdir=/usr/lib --enable-shared --enable-bootstrap --enable-languages=ada,c,c++,fortran,java,objc --enable-threads=posix --enable-checking=release --with-system-zlib --disable-libunwind-exceptions --enable-__cxa_atexit --enable-libssp --with-gnu-ld --verbose --with-arch=i486 --target=i486-slackware-linux --build=i486-slackware-linux --host=i486-slackware-linux
Thread model: posix
gcc version 4.3.3 (GCC) 
configure:2244: $? = 0
configure:2246: gcc -V </dev/null >&5
gcc: '-V' option must have argument
configure:2249: $? = 1
configure:2252: checking whether we are using the GNU C compiler
configure:2276: gcc -c   conftest.c >&5
configure:2282: $? = 0
configure:2286: test -z 
			 || test ! -s conftest.err
configure:2289: $? = 0
configure:2292: test -s conftest.o
configure:2295: $? = 0
configure:2308: result: yes
configure:2314: checking whether gcc accepts -g
configure:2335: gcc -c -g  conftest.c >&5
configure:2341: $? = 0
configure:2345: test -z 
			 || test ! -s conftest.err
configure:2348: $? = 0
configure:2351: test -s conftest.o
configure:2354: $? = 0
configure:2365: result: yes
configure:2382: checking for gcc option to accept ANSI C
configure:2452: gcc  -c -g -O2  conftest.c >&5
configure:2458: $? = 0
configure:2462: test -z 
			 || test ! -s conftest.err
configure:2465: $? = 0
configure:2468: test -s conftest.o
configure:2471: $? = 0
configure:2489: result: none needed
configure:2507: gcc -c -g -O2  conftest.c >&5
conftest.c:2: error: expected '=', ',', ';', 'asm' or '__attribute__' before 'me'
configure:2513: $? = 1
configure: failed program was:
| #ifndef __cplusplus
|   choke me
| #endif
configure:2652: checking how to run the C preprocessor
configure:2687: gcc -E  conftest.c
configure:2693: $? = 0
configure:2725: gcc -E  conftest.c
conftest.c:12:28: error: ac_nonexistent.h: No such file or directory
configure:2731: $? = 1
configure: failed program was:
| /* confdefs.h.  */
| 
| #define PACKAGE_NAME ""
| #define PACKAGE_TARNAME ""
| #define PACKAGE_VERSION ""
| #define PACKAGE_STRING ""
| #define PACKAGE_BUGREPORT ""
| #ifdef __cplusplus
| extern "C" void exit (int) throw ();
| #endif
| /* end confdefs.h.  */
| #include <ac_nonexistent.h>
configure:2770: result: gcc -E
configure:2794: gcc -E  conftest.c
configure:2800: $? = 0
configure:2832: gcc -E  conftest.c
conftest.c:12:28: error: ac_nonexistent.h: No such file or directory
configure:2838: $? = 1
configure: failed program was:
| /* confdefs.h.  */
| 
| #define PACKAGE_NAME ""
| #define PACKAGE_TARNAME ""
| #define PACKAGE_VERSION ""
| #define PACKAGE_STRING ""
| #define PACKAGE_BUGREPORT ""
| #ifdef __cplusplus
| extern "C" void exit (int) throw ();
| #endif
| /* end confdefs.h.  */
| #include <ac_nonexistent.h>
configure:2882: checking for egrep
configure:2892: result: grep -E
configure:2897: checking for ANSI C header files
configure:2922: gcc -c -g -O2  conftest.c >&5
configure:2928: $? = 0
configure:2932: test -z 
			 || test ! -s conftest.err
configure:2935: $? = 0
configure:2938: test -s conftest.o
configure:2941: $? = 0
configure:3030: gcc -o conftest -g -O2   conftest.c  >&5
conftest.c: In function 'main':
conftest.c:29: warning: incompatible implicit declaration of built-in function 'exit'
configure:3033: $? = 0
configure:3035: ./conftest
configure:3038: $? = 0
configure:3053: result: yes
configure:3077: checking for sys/types.h
configure:3093: gcc -c -g -O2  conftest.c >&5
configure:3099: $? = 0
configure:3103: test -z 
			 || test ! -s conftest.err
configure:3106: $? = 0
configure:3109: test -s conftest.o
configure:3112: $? = 0
configure:3123: result: yes
configure:3077: checking for sys/stat.h
configure:3093: gcc -c -g -O2  conftest.c >&5
configure:3099: $? = 0
configure:3103: test -z 
			 || test ! -s conftest.err
configure:3106: $? = 0
configure:3109: test -s conftest.o
configure:3112: $? = 0
configure:3123: result: yes
configure:3077: checking for stdlib.h
configure:3093: gcc -c -g -O2  conftest.c >&5
configure:3099: $? = 0
configure:3103: test -z 
			 || test ! -s conftest.err
configure:3106: $? = 0
configure:3109: test -s conftest.o
configure:3112: $? = 0
configure:3123: result: yes
configure:3077: checking for string.h
configure:3093: gcc -c -g -O2  conftest.c >&5
configure:3099: $? = 0
configure:3103: test -z 
			 || test ! -s conftest.err
configure:3106: $? = 0
configure:3109: test -s conftest.o
configure:3112: $? = 0
configure:3123: result: yes
configure:3077: checking for memory.h
configure:3093: gcc -c -g -O2  conftest.c >&5
configure:3099: $? = 0
configure:3103: test -z 
			 || test ! -s conftest.err
configure:3106: $? = 0
configure:3109: test -s conftest.o
configure:3112: $? = 0
configure:3123: result: yes
configure:3077: checking for strings.h
configure:3093: gcc -c -g -O2  conftest.c >&5
configure:3099: $? = 0
configure:3103: test -z 
			 || test ! -s conftest.err
configure:3106: $? = 0
configure:3109: test -s conftest.o
configure:3112: $? = 0
configure:3123: result: yes
configure:3077: checking for inttypes.h
configure:3093: gcc -c -g -O2  conftest.c >&5
configure:3099: $? = 0
configure:3103: test -z 
			 || test ! -s conftest.err
configure:3106: $? = 0
configure:3109: test -s conftest.o
configure:3112: $? = 0
configure:3123: result: yes
configure:3077: checking for stdint.h
configure:3093: gcc -c -g -O2  conftest.c >&5
configure:3099: $? = 0
configure:3103: test -z 
			 || test ! -s conftest.err
configure:3106: $? = 0
configure:3109: test -s conftest.o
configure:3112: $? = 0
configure:3123: result: yes
configure:3077: checking for unistd.h
configure:3093: gcc -c -g -O2  conftest.c >&5
configure:3099: $? = 0
configure:3103: test -z 
			 || test ! -s conftest.err
configure:3106: $? = 0
configure:3109: test -s conftest.o
configure:3112: $? = 0
configure:3123: result: yes
configure:3145: checking alsa/asoundlib.h usability
configure:3157: gcc -c -g -O2  conftest.c >&5
conftest.c:56:28: error: alsa/asoundlib.h: No such file or directory
configure:3163: $? = 1
configure: failed program was:
| /* confdefs.h.  */
| 
| #define PACKAGE_NAME ""
| #define PACKAGE_TARNAME ""
| #define PACKAGE_VERSION ""
| #define PACKAGE_STRING ""
| #define PACKAGE_BUGREPORT ""
| #ifdef __cplusplus
| extern "C" void exit (int) throw ();
| #endif
| #define STDC_HEADERS 1
| #define HAVE_SYS_TYPES_H 1
| #define HAVE_SYS_STAT_H 1
| #define HAVE_STDLIB_H 1
| #define HAVE_STRING_H 1
| #define HAVE_MEMORY_H 1
| #define HAVE_STRINGS_H 1
| #define HAVE_INTTYPES_H 1
| #define HAVE_STDINT_H 1
| #define HAVE_UNISTD_H 1
| /* end confdefs.h.  */
| #include <stdio.h>
| #if HAVE_SYS_TYPES_H
| # include <sys/types.h>
| #endif
| #if HAVE_SYS_STAT_H
| # include <sys/stat.h>
| #endif
| #if STDC_HEADERS
| # include <stdlib.h>
| # include <stddef.h>
| #else
| # if HAVE_STDLIB_H
| #  include <stdlib.h>
| # endif
| #endif
| #if HAVE_STRING_H
| # if !STDC_HEADERS && HAVE_MEMORY_H
| #  include <memory.h>
| # endif
| # include <string.h>
| #endif
| #if HAVE_STRINGS_H
| # include <strings.h>
| #endif
| #if HAVE_INTTYPES_H
| # include <inttypes.h>
| #else
| # if HAVE_STDINT_H
| #  include <stdint.h>
| # endif
| #endif
| #if HAVE_UNISTD_H
| # include <unistd.h>
| #endif
| #include <alsa/asoundlib.h>
configure:3186: result: no
configure:3190: checking alsa/asoundlib.h presence
configure:3200: gcc -E  conftest.c
conftest.c:22:28: error: alsa/asoundlib.h: No such file or directory
configure:3206: $? = 1
configure: failed program was:
| /* confdefs.h.  */
| 
| #define PACKAGE_NAME ""
| #define PACKAGE_TARNAME ""
| #define PACKAGE_VERSION ""
| #define PACKAGE_STRING ""
| #define PACKAGE_BUGREPORT ""
| #ifdef __cplusplus
| extern "C" void exit (int) throw ();
| #endif
| #define STDC_HEADERS 1
| #define HAVE_SYS_TYPES_H 1
| #define HAVE_SYS_STAT_H 1
| #define HAVE_STDLIB_H 1
| #define HAVE_STRING_H 1
| #define HAVE_MEMORY_H 1
| #define HAVE_STRINGS_H 1
| #define HAVE_INTTYPES_H 1
| #define HAVE_STDINT_H 1
| #define HAVE_UNISTD_H 1
| /* end confdefs.h.  */
| #include <alsa/asoundlib.h>
configure:3226: result: no
configure:3261: checking for alsa/asoundlib.h
configure:3268: result: no
configure:3277: checking for ALSA sound support
configure:3285: result: no
configure:3818: checking linux/videodev.h usability
configure:3830: gcc -c -g -O2  conftest.c >&5
configure:3836: $? = 0
configure:3840: test -z 
			 || test ! -s conftest.err
configure:3843: $? = 0
configure:3846: test -s conftest.o
configure:3849: $? = 0
configure:3859: result: yes
configure:3863: checking linux/videodev.h presence
configure:3873: gcc -E  conftest.c
configure:3879: $? = 0
configure:3899: result: yes
configure:3934: checking for linux/videodev.h
configure:3941: result: yes
configure:3950: checking for V4L video support
configure:3955: result: yes
configure:3979: checking for linux/videodev2.h
configure:3999: gcc -c -g -O2  conftest.c >&5
In file included from /usr/include/sys/time.h:31,
                 from /usr/include/linux/videodev2.h:59,
                 from conftest.c:28:
/usr/include/sys/select.h:78: error: conflicting types for 'fd_set'
/usr/include/linux/types.h:12: error: previous declaration of 'fd_set' was here
configure:4005: $? = 1
configure: failed program was:
| /* confdefs.h.  */
| 
| #define PACKAGE_NAME ""
| #define PACKAGE_TARNAME ""
| #define PACKAGE_VERSION ""
| #define PACKAGE_STRING ""
| #define PACKAGE_BUGREPORT ""
| #ifdef __cplusplus
| extern "C" void exit (int) throw ();
| #endif
| #define STDC_HEADERS 1
| #define HAVE_SYS_TYPES_H 1
| #define HAVE_SYS_STAT_H 1
| #define HAVE_STDLIB_H 1
| #define HAVE_STRING_H 1
| #define HAVE_MEMORY_H 1
| #define HAVE_STRINGS_H 1
| #define HAVE_INTTYPES_H 1
| #define HAVE_STDINT_H 1
| #define HAVE_UNISTD_H 1
| /* end confdefs.h.  */
| 
| 		#ifdef __linux__
| 		#include <linux/types.h>
| 		#endif
| 
| 
| #include <linux/videodev2.h>
configure:4029: result: no
configure:4038: checking for linux/videodev2.h with sys/types.h
configure:4071: gcc -c -g -O2  conftest.c >&5
configure:4077: $? = 0
configure:4081: test -z 
			 || test ! -s conftest.err
configure:4084: $? = 0
configure:4087: test -s conftest.o
configure:4090: $? = 0
configure:4094: result: yes
configure:4111: checking for V4L2 video support
configure:4116: result: yes
configure:4144: checking machine/ioctl_meteor.h usability
configure:4156: gcc -c -g -O2  conftest.c >&5
conftest.c:56:34: error: machine/ioctl_meteor.h: No such file or directory
configure:4162: $? = 1
configure: failed program was:
| /* confdefs.h.  */
| 
| #define PACKAGE_NAME ""
| #define PACKAGE_TARNAME ""
| #define PACKAGE_VERSION ""
| #define PACKAGE_STRING ""
| #define PACKAGE_BUGREPORT ""
| #ifdef __cplusplus
| extern "C" void exit (int) throw ();
| #endif
| #define STDC_HEADERS 1
| #define HAVE_SYS_TYPES_H 1
| #define HAVE_SYS_STAT_H 1
| #define HAVE_STDLIB_H 1
| #define HAVE_STRING_H 1
| #define HAVE_MEMORY_H 1
| #define HAVE_STRINGS_H 1
| #define HAVE_INTTYPES_H 1
| #define HAVE_STDINT_H 1
| #define HAVE_UNISTD_H 1
| /* end confdefs.h.  */
| #include <stdio.h>
| #if HAVE_SYS_TYPES_H
| # include <sys/types.h>
| #endif
| #if HAVE_SYS_STAT_H
| # include <sys/stat.h>
| #endif
| #if STDC_HEADERS
| # include <stdlib.h>
| # include <stddef.h>
| #else
| # if HAVE_STDLIB_H
| #  include <stdlib.h>
| # endif
| #endif
| #if HAVE_STRING_H
| # if !STDC_HEADERS && HAVE_MEMORY_H
| #  include <memory.h>
| # endif
| # include <string.h>
| #endif
| #if HAVE_STRINGS_H
| # include <strings.h>
| #endif
| #if HAVE_INTTYPES_H
| # include <inttypes.h>
| #else
| # if HAVE_STDINT_H
| #  include <stdint.h>
| # endif
| #endif
| #if HAVE_UNISTD_H
| # include <unistd.h>
| #endif
| #include <machine/ioctl_meteor.h>
configure:4185: result: no
configure:4189: checking machine/ioctl_meteor.h presence
configure:4199: gcc -E  conftest.c
conftest.c:22:34: error: machine/ioctl_meteor.h: No such file or directory
configure:4205: $? = 1
configure: failed program was:
| /* confdefs.h.  */
| 
| #define PACKAGE_NAME ""
| #define PACKAGE_TARNAME ""
| #define PACKAGE_VERSION ""
| #define PACKAGE_STRING ""
| #define PACKAGE_BUGREPORT ""
| #ifdef __cplusplus
| extern "C" void exit (int) throw ();
| #endif
| #define STDC_HEADERS 1
| #define HAVE_SYS_TYPES_H 1
| #define HAVE_SYS_STAT_H 1
| #define HAVE_STDLIB_H 1
| #define HAVE_STRING_H 1
| #define HAVE_MEMORY_H 1
| #define HAVE_STRINGS_H 1
| #define HAVE_INTTYPES_H 1
| #define HAVE_STDINT_H 1
| #define HAVE_UNISTD_H 1
| /* end confdefs.h.  */
| #include <machine/ioctl_meteor.h>
configure:4225: result: no
configure:4260: checking for machine/ioctl_meteor.h
configure:4267: result: no
configure:4286: checking i386/ioctl_meteor.h usability
configure:4298: gcc -c -g -O2  conftest.c >&5
conftest.c:56:31: error: i386/ioctl_meteor.h: No such file or directory
configure:4304: $? = 1
configure: failed program was:
| /* confdefs.h.  */
| 
| #define PACKAGE_NAME ""
| #define PACKAGE_TARNAME ""
| #define PACKAGE_VERSION ""
| #define PACKAGE_STRING ""
| #define PACKAGE_BUGREPORT ""
| #ifdef __cplusplus
| extern "C" void exit (int) throw ();
| #endif
| #define STDC_HEADERS 1
| #define HAVE_SYS_TYPES_H 1
| #define HAVE_SYS_STAT_H 1
| #define HAVE_STDLIB_H 1
| #define HAVE_STRING_H 1
| #define HAVE_MEMORY_H 1
| #define HAVE_STRINGS_H 1
| #define HAVE_INTTYPES_H 1
| #define HAVE_STDINT_H 1
| #define HAVE_UNISTD_H 1
| /* end confdefs.h.  */
| #include <stdio.h>
| #if HAVE_SYS_TYPES_H
| # include <sys/types.h>
| #endif
| #if HAVE_SYS_STAT_H
| # include <sys/stat.h>
| #endif
| #if STDC_HEADERS
| # include <stdlib.h>
| # include <stddef.h>
| #else
| # if HAVE_STDLIB_H
| #  include <stdlib.h>
| # endif
| #endif
| #if HAVE_STRING_H
| # if !STDC_HEADERS && HAVE_MEMORY_H
| #  include <memory.h>
| # endif
| # include <string.h>
| #endif
| #if HAVE_STRINGS_H
| # include <strings.h>
| #endif
| #if HAVE_INTTYPES_H
| # include <inttypes.h>
| #else
| # if HAVE_STDINT_H
| #  include <stdint.h>
| # endif
| #endif
| #if HAVE_UNISTD_H
| # include <unistd.h>
| #endif
| #include <i386/ioctl_meteor.h>
configure:4327: result: no
configure:4331: checking i386/ioctl_meteor.h presence
configure:4341: gcc -E  conftest.c
conftest.c:22:31: error: i386/ioctl_meteor.h: No such file or directory
configure:4347: $? = 1
configure: failed program was:
| /* confdefs.h.  */
| 
| #define PACKAGE_NAME ""
| #define PACKAGE_TARNAME ""
| #define PACKAGE_VERSION ""
| #define PACKAGE_STRING ""
| #define PACKAGE_BUGREPORT ""
| #ifdef __cplusplus
| extern "C" void exit (int) throw ();
| #endif
| #define STDC_HEADERS 1
| #define HAVE_SYS_TYPES_H 1
| #define HAVE_SYS_STAT_H 1
| #define HAVE_STDLIB_H 1
| #define HAVE_STRING_H 1
| #define HAVE_MEMORY_H 1
| #define HAVE_STRINGS_H 1
| #define HAVE_INTTYPES_H 1
| #define HAVE_STDINT_H 1
| #define HAVE_UNISTD_H 1
| /* end confdefs.h.  */
| #include <i386/ioctl_meteor.h>
configure:4367: result: no
configure:4402: checking for i386/ioctl_meteor.h
configure:4409: result: no
configure:4428: checking dev/ic/bt8xx.h usability
configure:4440: gcc -c -g -O2  conftest.c >&5
conftest.c:56:26: error: dev/ic/bt8xx.h: No such file or directory
configure:4446: $? = 1
configure: failed program was:
| /* confdefs.h.  */
| 
| #define PACKAGE_NAME ""
| #define PACKAGE_TARNAME ""
| #define PACKAGE_VERSION ""
| #define PACKAGE_STRING ""
| #define PACKAGE_BUGREPORT ""
| #ifdef __cplusplus
| extern "C" void exit (int) throw ();
| #endif
| #define STDC_HEADERS 1
| #define HAVE_SYS_TYPES_H 1
| #define HAVE_SYS_STAT_H 1
| #define HAVE_STDLIB_H 1
| #define HAVE_STRING_H 1
| #define HAVE_MEMORY_H 1
| #define HAVE_STRINGS_H 1
| #define HAVE_INTTYPES_H 1
| #define HAVE_STDINT_H 1
| #define HAVE_UNISTD_H 1
| /* end confdefs.h.  */
| #include <stdio.h>
| #if HAVE_SYS_TYPES_H
| # include <sys/types.h>
| #endif
| #if HAVE_SYS_STAT_H
| # include <sys/stat.h>
| #endif
| #if STDC_HEADERS
| # include <stdlib.h>
| # include <stddef.h>
| #else
| # if HAVE_STDLIB_H
| #  include <stdlib.h>
| # endif
| #endif
| #if HAVE_STRING_H
| # if !STDC_HEADERS && HAVE_MEMORY_H
| #  include <memory.h>
| # endif
| # include <string.h>
| #endif
| #if HAVE_STRINGS_H
| # include <strings.h>
| #endif
| #if HAVE_INTTYPES_H
| # include <inttypes.h>
| #else
| # if HAVE_STDINT_H
| #  include <stdint.h>
| # endif
| #endif
| #if HAVE_UNISTD_H
| # include <unistd.h>
| #endif
| #include <dev/ic/bt8xx.h>
configure:4469: result: no
configure:4473: checking dev/ic/bt8xx.h presence
configure:4483: gcc -E  conftest.c
conftest.c:22:26: error: dev/ic/bt8xx.h: No such file or directory
configure:4489: $? = 1
configure: failed program was:
| /* confdefs.h.  */
| 
| #define PACKAGE_NAME ""
| #define PACKAGE_TARNAME ""
| #define PACKAGE_VERSION ""
| #define PACKAGE_STRING ""
| #define PACKAGE_BUGREPORT ""
| #ifdef __cplusplus
| extern "C" void exit (int) throw ();
| #endif
| #define STDC_HEADERS 1
| #define HAVE_SYS_TYPES_H 1
| #define HAVE_SYS_STAT_H 1
| #define HAVE_STDLIB_H 1
| #define HAVE_STRING_H 1
| #define HAVE_MEMORY_H 1
| #define HAVE_STRINGS_H 1
| #define HAVE_INTTYPES_H 1
| #define HAVE_STDINT_H 1
| #define HAVE_UNISTD_H 1
| /* end confdefs.h.  */
| #include <dev/ic/bt8xx.h>
configure:4509: result: no
configure:4544: checking for dev/ic/bt8xx.h
configure:4551: result: no
configure:4560: checking for BSD video support
configure:4568: result: no
configure:4593: checking libavc1394/avc1394.h usability
configure:4605: gcc -c -g -O2  conftest.c >&5
conftest.c:56:32: error: libavc1394/avc1394.h: No such file or directory
configure:4611: $? = 1
configure: failed program was:
| /* confdefs.h.  */
| 
| #define PACKAGE_NAME ""
| #define PACKAGE_TARNAME ""
| #define PACKAGE_VERSION ""
| #define PACKAGE_STRING ""
| #define PACKAGE_BUGREPORT ""
| #ifdef __cplusplus
| extern "C" void exit (int) throw ();
| #endif
| #define STDC_HEADERS 1
| #define HAVE_SYS_TYPES_H 1
| #define HAVE_SYS_STAT_H 1
| #define HAVE_STDLIB_H 1
| #define HAVE_STRING_H 1
| #define HAVE_MEMORY_H 1
| #define HAVE_STRINGS_H 1
| #define HAVE_INTTYPES_H 1
| #define HAVE_STDINT_H 1
| #define HAVE_UNISTD_H 1
| /* end confdefs.h.  */
| #include <stdio.h>
| #if HAVE_SYS_TYPES_H
| # include <sys/types.h>
| #endif
| #if HAVE_SYS_STAT_H
| # include <sys/stat.h>
| #endif
| #if STDC_HEADERS
| # include <stdlib.h>
| # include <stddef.h>
| #else
| # if HAVE_STDLIB_H
| #  include <stdlib.h>
| # endif
| #endif
| #if HAVE_STRING_H
| # if !STDC_HEADERS && HAVE_MEMORY_H
| #  include <memory.h>
| # endif
| # include <string.h>
| #endif
| #if HAVE_STRINGS_H
| # include <strings.h>
| #endif
| #if HAVE_INTTYPES_H
| # include <inttypes.h>
| #else
| # if HAVE_STDINT_H
| #  include <stdint.h>
| # endif
| #endif
| #if HAVE_UNISTD_H
| # include <unistd.h>
| #endif
| #include <libavc1394/avc1394.h>
configure:4634: result: no
configure:4638: checking libavc1394/avc1394.h presence
configure:4648: gcc -E  conftest.c
conftest.c:22:32: error: libavc1394/avc1394.h: No such file or directory
configure:4654: $? = 1
configure: failed program was:
| /* confdefs.h.  */
| 
| #define PACKAGE_NAME ""
| #define PACKAGE_TARNAME ""
| #define PACKAGE_VERSION ""
| #define PACKAGE_STRING ""
| #define PACKAGE_BUGREPORT ""
| #ifdef __cplusplus
| extern "C" void exit (int) throw ();
| #endif
| #define STDC_HEADERS 1
| #define HAVE_SYS_TYPES_H 1
| #define HAVE_SYS_STAT_H 1
| #define HAVE_STDLIB_H 1
| #define HAVE_STRING_H 1
| #define HAVE_MEMORY_H 1
| #define HAVE_STRINGS_H 1
| #define HAVE_INTTYPES_H 1
| #define HAVE_STDINT_H 1
| #define HAVE_UNISTD_H 1
| /* end confdefs.h.  */
| #include <libavc1394/avc1394.h>
configure:4674: result: no
configure:4709: checking for libavc1394/avc1394.h
configure:4716: result: no
configure:4735: checking libdv/dv.h usability
configure:4747: gcc -c -g -O2  conftest.c >&5
conftest.c:56:22: error: libdv/dv.h: No such file or directory
configure:4753: $? = 1
configure: failed program was:
| /* confdefs.h.  */
| 
| #define PACKAGE_NAME ""
| #define PACKAGE_TARNAME ""
| #define PACKAGE_VERSION ""
| #define PACKAGE_STRING ""
| #define PACKAGE_BUGREPORT ""
| #ifdef __cplusplus
| extern "C" void exit (int) throw ();
| #endif
| #define STDC_HEADERS 1
| #define HAVE_SYS_TYPES_H 1
| #define HAVE_SYS_STAT_H 1
| #define HAVE_STDLIB_H 1
| #define HAVE_STRING_H 1
| #define HAVE_MEMORY_H 1
| #define HAVE_STRINGS_H 1
| #define HAVE_INTTYPES_H 1
| #define HAVE_STDINT_H 1
| #define HAVE_UNISTD_H 1
| /* end confdefs.h.  */
| #include <stdio.h>
| #if HAVE_SYS_TYPES_H
| # include <sys/types.h>
| #endif
| #if HAVE_SYS_STAT_H
| # include <sys/stat.h>
| #endif
| #if STDC_HEADERS
| # include <stdlib.h>
| # include <stddef.h>
| #else
| # if HAVE_STDLIB_H
| #  include <stdlib.h>
| # endif
| #endif
| #if HAVE_STRING_H
| # if !STDC_HEADERS && HAVE_MEMORY_H
| #  include <memory.h>
| # endif
| # include <string.h>
| #endif
| #if HAVE_STRINGS_H
| # include <strings.h>
| #endif
| #if HAVE_INTTYPES_H
| # include <inttypes.h>
| #else
| # if HAVE_STDINT_H
| #  include <stdint.h>
| # endif
| #endif
| #if HAVE_UNISTD_H
| # include <unistd.h>
| #endif
| #include <libdv/dv.h>
configure:4776: result: no
configure:4780: checking libdv/dv.h presence
configure:4790: gcc -E  conftest.c
conftest.c:22:22: error: libdv/dv.h: No such file or directory
configure:4796: $? = 1
configure: failed program was:
| /* confdefs.h.  */
| 
| #define PACKAGE_NAME ""
| #define PACKAGE_TARNAME ""
| #define PACKAGE_VERSION ""
| #define PACKAGE_STRING ""
| #define PACKAGE_BUGREPORT ""
| #ifdef __cplusplus
| extern "C" void exit (int) throw ();
| #endif
| #define STDC_HEADERS 1
| #define HAVE_SYS_TYPES_H 1
| #define HAVE_SYS_STAT_H 1
| #define HAVE_STDLIB_H 1
| #define HAVE_STRING_H 1
| #define HAVE_MEMORY_H 1
| #define HAVE_STRINGS_H 1
| #define HAVE_INTTYPES_H 1
| #define HAVE_STDINT_H 1
| #define HAVE_UNISTD_H 1
| /* end confdefs.h.  */
| #include <libdv/dv.h>
configure:4816: result: no
configure:4851: checking for libdv/dv.h
configure:4858: result: no
configure:4877: checking libraw1394/raw1394.h usability
configure:4889: gcc -c -g -O2  conftest.c >&5
conftest.c:56:32: error: libraw1394/raw1394.h: No such file or directory
configure:4895: $? = 1
configure: failed program was:
| /* confdefs.h.  */
| 
| #define PACKAGE_NAME ""
| #define PACKAGE_TARNAME ""
| #define PACKAGE_VERSION ""
| #define PACKAGE_STRING ""
| #define PACKAGE_BUGREPORT ""
| #ifdef __cplusplus
| extern "C" void exit (int) throw ();
| #endif
| #define STDC_HEADERS 1
| #define HAVE_SYS_TYPES_H 1
| #define HAVE_SYS_STAT_H 1
| #define HAVE_STDLIB_H 1
| #define HAVE_STRING_H 1
| #define HAVE_MEMORY_H 1
| #define HAVE_STRINGS_H 1
| #define HAVE_INTTYPES_H 1
| #define HAVE_STDINT_H 1
| #define HAVE_UNISTD_H 1
| /* end confdefs.h.  */
| #include <stdio.h>
| #if HAVE_SYS_TYPES_H
| # include <sys/types.h>
| #endif
| #if HAVE_SYS_STAT_H
| # include <sys/stat.h>
| #endif
| #if STDC_HEADERS
| # include <stdlib.h>
| # include <stddef.h>
| #else
| # if HAVE_STDLIB_H
| #  include <stdlib.h>
| # endif
| #endif
| #if HAVE_STRING_H
| # if !STDC_HEADERS && HAVE_MEMORY_H
| #  include <memory.h>
| # endif
| # include <string.h>
| #endif
| #if HAVE_STRINGS_H
| # include <strings.h>
| #endif
| #if HAVE_INTTYPES_H
| # include <inttypes.h>
| #else
| # if HAVE_STDINT_H
| #  include <stdint.h>
| # endif
| #endif
| #if HAVE_UNISTD_H
| # include <unistd.h>
| #endif
| #include <libraw1394/raw1394.h>
configure:4918: result: no
configure:4922: checking libraw1394/raw1394.h presence
configure:4932: gcc -E  conftest.c
conftest.c:22:32: error: libraw1394/raw1394.h: No such file or directory
configure:4938: $? = 1
configure: failed program was:
| /* confdefs.h.  */
| 
| #define PACKAGE_NAME ""
| #define PACKAGE_TARNAME ""
| #define PACKAGE_VERSION ""
| #define PACKAGE_STRING ""
| #define PACKAGE_BUGREPORT ""
| #ifdef __cplusplus
| extern "C" void exit (int) throw ();
| #endif
| #define STDC_HEADERS 1
| #define HAVE_SYS_TYPES_H 1
| #define HAVE_SYS_STAT_H 1
| #define HAVE_STDLIB_H 1
| #define HAVE_STRING_H 1
| #define HAVE_MEMORY_H 1
| #define HAVE_STRINGS_H 1
| #define HAVE_INTTYPES_H 1
| #define HAVE_STDINT_H 1
| #define HAVE_UNISTD_H 1
| /* end confdefs.h.  */
| #include <libraw1394/raw1394.h>
configure:4958: result: no
configure:4993: checking for libraw1394/raw1394.h
configure:5000: result: no
configure:5009: checking for IEEE1394/AVC video support
configure:5017: result: no
configure:5042: checking libdc1394/dc1394_control.h usability
configure:5054: gcc -c -g -O2  conftest.c >&5
conftest.c:56:38: error: libdc1394/dc1394_control.h: No such file or directory
configure:5060: $? = 1
configure: failed program was:
| /* confdefs.h.  */
| 
| #define PACKAGE_NAME ""
| #define PACKAGE_TARNAME ""
| #define PACKAGE_VERSION ""
| #define PACKAGE_STRING ""
| #define PACKAGE_BUGREPORT ""
| #ifdef __cplusplus
| extern "C" void exit (int) throw ();
| #endif
| #define STDC_HEADERS 1
| #define HAVE_SYS_TYPES_H 1
| #define HAVE_SYS_STAT_H 1
| #define HAVE_STDLIB_H 1
| #define HAVE_STRING_H 1
| #define HAVE_MEMORY_H 1
| #define HAVE_STRINGS_H 1
| #define HAVE_INTTYPES_H 1
| #define HAVE_STDINT_H 1
| #define HAVE_UNISTD_H 1
| /* end confdefs.h.  */
| #include <stdio.h>
| #if HAVE_SYS_TYPES_H
| # include <sys/types.h>
| #endif
| #if HAVE_SYS_STAT_H
| # include <sys/stat.h>
| #endif
| #if STDC_HEADERS
| # include <stdlib.h>
| # include <stddef.h>
| #else
| # if HAVE_STDLIB_H
| #  include <stdlib.h>
| # endif
| #endif
| #if HAVE_STRING_H
| # if !STDC_HEADERS && HAVE_MEMORY_H
| #  include <memory.h>
| # endif
| # include <string.h>
| #endif
| #if HAVE_STRINGS_H
| # include <strings.h>
| #endif
| #if HAVE_INTTYPES_H
| # include <inttypes.h>
| #else
| # if HAVE_STDINT_H
| #  include <stdint.h>
| # endif
| #endif
| #if HAVE_UNISTD_H
| # include <unistd.h>
| #endif
| #include <libdc1394/dc1394_control.h>
configure:5083: result: no
configure:5087: checking libdc1394/dc1394_control.h presence
configure:5097: gcc -E  conftest.c
conftest.c:22:38: error: libdc1394/dc1394_control.h: No such file or directory
configure:5103: $? = 1
configure: failed program was:
| /* confdefs.h.  */
| 
| #define PACKAGE_NAME ""
| #define PACKAGE_TARNAME ""
| #define PACKAGE_VERSION ""
| #define PACKAGE_STRING ""
| #define PACKAGE_BUGREPORT ""
| #ifdef __cplusplus
| extern "C" void exit (int) throw ();
| #endif
| #define STDC_HEADERS 1
| #define HAVE_SYS_TYPES_H 1
| #define HAVE_SYS_STAT_H 1
| #define HAVE_STDLIB_H 1
| #define HAVE_STRING_H 1
| #define HAVE_MEMORY_H 1
| #define HAVE_STRINGS_H 1
| #define HAVE_INTTYPES_H 1
| #define HAVE_STDINT_H 1
| #define HAVE_UNISTD_H 1
| /* end confdefs.h.  */
| #include <libdc1394/dc1394_control.h>
configure:5123: result: no
configure:5158: checking for libdc1394/dc1394_control.h
configure:5165: result: no
configure:5175: checking for libraw1394/raw1394.h
configure:5180: result: no
configure:5316: checking for IEEE1394/DC video support
configure:5389: result: no
configure:5530: creating ./config.status

## ---------------------- ##
## Running config.status. ##
## ---------------------- ##

This file was extended by config.status, which was
generated by GNU Autoconf 2.59.  Invocation command line was

  CONFIG_FILES    = 
  CONFIG_HEADERS  = 
  CONFIG_LINKS    = 
  CONFIG_COMMANDS = 
  $ ./config.status 

on darkstar

config.status:649: creating Makefile
config.status:649: creating vidinput_dc/Makefile

## ---------------- ##
## Cache variables. ##
## ---------------- ##

ac_cv_c_compiler_gnu=yes
ac_cv_cxx_compiler_gnu=yes
ac_cv_env_CC_set=
ac_cv_env_CC_value=
ac_cv_env_CFLAGS_set=
ac_cv_env_CFLAGS_value=
ac_cv_env_CPPFLAGS_set=
ac_cv_env_CPPFLAGS_value=
ac_cv_env_CPP_set=
ac_cv_env_CPP_value=
ac_cv_env_CXXFLAGS_set=
ac_cv_env_CXXFLAGS_value=
ac_cv_env_CXX_set=
ac_cv_env_CXX_value=
ac_cv_env_LDFLAGS_set=
ac_cv_env_LDFLAGS_value=
ac_cv_env_build_alias_set=
ac_cv_env_build_alias_value=
ac_cv_env_host_alias_set=
ac_cv_env_host_alias_value=
ac_cv_env_target_alias_set=
ac_cv_env_target_alias_value=
ac_cv_exeext=
ac_cv_header_alsa_asoundlib_h=no
ac_cv_header_dev_ic_bt8xx_h=no
ac_cv_header_i386_ioctl_meteor_h=no
ac_cv_header_inttypes_h=yes
ac_cv_header_libavc1394_avc1394_h=no
ac_cv_header_libdc1394_dc1394_control_h=no
ac_cv_header_libdv_dv_h=no
ac_cv_header_libraw1394_raw1394_h=no
ac_cv_header_linux_videodev2_h=no
ac_cv_header_linux_videodev_h=yes
ac_cv_header_machine_ioctl_meteor_h=no
ac_cv_header_memory_h=yes
ac_cv_header_stdc=yes
ac_cv_header_stdint_h=yes
ac_cv_header_stdlib_h=yes
ac_cv_header_string_h=yes
ac_cv_header_strings_h=yes
ac_cv_header_sys_stat_h=yes
ac_cv_header_sys_types_h=yes
ac_cv_header_unistd_h=yes
ac_cv_objext=o
ac_cv_prog_CPP='gcc -E'
ac_cv_prog_ac_ct_CC=gcc
ac_cv_prog_ac_ct_CXX=g++
ac_cv_prog_cc_g=yes
ac_cv_prog_cc_stdc=
ac_cv_prog_cxx_g=yes
ac_cv_prog_egrep='grep -E'

## ----------------- ##
## Output variables. ##
## ----------------- ##

CC='gcc'
CFLAGS='-g -O2'
CPP='gcc -E'
CPPFLAGS=''
CXX='g++'
CXXFLAGS='-g -O2'
DC_CFLAGS=''
DEFS='-DPACKAGE_NAME=\"\" -DPACKAGE_TARNAME=\"\" -DPACKAGE_VERSION=\"\" -DPACKAGE_STRING=\"\" -DPACKAGE_BUGREPORT=\"\" -DSTDC_HEADERS=1 -DHAVE_SYS_TYPES_H=1 -DHAVE_SYS_STAT_H=1 -DHAVE_STDLIB_H=1 -DHAVE_STRING_H=1 -DHAVE_MEMORY_H=1 -DHAVE_STRINGS_H=1 -DHAVE_INTTYPES_H=1 -DHAVE_STDINT_H=1 -DHAVE_UNISTD_H=1 '
ECHO_C=''
ECHO_N='-n'
ECHO_T=''
EGREP='grep -E'
EXEEXT=''
HAS_ALSA=''
HAS_AVC1394=''
HAS_BSDVIDEOCAP=''
HAS_DC1394=''
HAS_ESD=''
HAS_OSS=''
HAS_SUNAUDIO=''
HAS_V4L2='1'
HAS_V4L='1'
INSTALLPREFIX='/usr/local'
LDFLAGS=''
LIBDIR='${exec_prefix}/lib'
LIBOBJS=''
LIBS=''
LTLIBOBJS=''
OBJEXT='o'
PACKAGE_BUGREPORT=''
PACKAGE_NAME=''
PACKAGE_STRING=''
PACKAGE_TARNAME=''
PACKAGE_VERSION=''
PATH_SEPARATOR=':'
SHELL='/bin/sh'
ac_ct_CC='gcc'
ac_ct_CXX='g++'
bindir='${exec_prefix}/bin'
build_alias=''
datadir='${prefix}/share'
exec_prefix='${prefix}'
host_alias=''
includedir='${prefix}/include'
infodir='${prefix}/info'
libdir='${exec_prefix}/lib'
libexecdir='${exec_prefix}/libexec'
localstatedir='${prefix}/var'
mandir='${prefix}/man'
oldincludedir='/usr/include'
prefix='/usr/local'
program_transform_name='s,x,x,'
sbindir='${exec_prefix}/sbin'
sharedstatedir='${prefix}/com'
sysconfdir='${prefix}/etc'
target_alias=''

## ----------- ##
## confdefs.h. ##
## ----------- ##

#define HAVE_INTTYPES_H 1
#define HAVE_MEMORY_H 1
#define HAVE_STDINT_H 1
#define HAVE_STDLIB_H 1
#define HAVE_STRINGS_H 1
#define HAVE_STRING_H 1
#define HAVE_SYS_STAT_H 1
#define HAVE_SYS_TYPES_H 1
#define HAVE_UNISTD_H 1
#define PACKAGE_BUGREPORT ""
#define PACKAGE_NAME ""
#define PACKAGE_STRING ""
#define PACKAGE_TARNAME ""
#define PACKAGE_VERSION ""
#define STDC_HEADERS 1
#endif
#ifdef __cplusplus
extern "C" void exit (int) throw ();

configure: exit 0
