This file contains any messages produced by compilers while
running configure, to aid debugging if configure makes a mistake.

It was created by configure, which was
generated by GNU Autoconf 2.59.  Invocation command line was

  $ ./configure --enable-shared

## --------- ##
## Platform. ##
## --------- ##

hostname = darkstar
uname -m = i686
uname -r = 2.6.29.6-smp
uname -s = Linux
uname -v = #2 SMP Mon Aug 17 00:52:54 CDT 2009

/usr/bin/uname -p = AMD Phenom(tm) II X2 545 Processor
/bin/uname -X     = unknown

/bin/arch              = i686
/usr/bin/arch -k       = unknown
/usr/convex/getsysinfo = unknown
hostinfo               = unknown
/bin/machine           = unknown
/usr/bin/oslevel       = unknown
/bin/universe          = unknown

PATH: /usr/local/sbin
PATH: /usr/sbin
PATH: /sbin
PATH: /usr/local/bin
PATH: /usr/bin
PATH: /bin
PATH: /usr/games


## ----------- ##
## Core tests. ##
## ----------- ##

configure:1429: checking for g++
configure:1445: found /usr/bin/g++
configure:1455: result: g++
configure:1471: checking for C++ compiler version
configure:1474: g++ --version </dev/null >&5
g++ (GCC) 4.3.3
Copyright (C) 2008 Free Software Foundation, Inc.
This is free software; see the source for copying conditions.  There is NO
warranty; not even for MERCHANTABILITY or FITNESS FOR A PARTICULAR PURPOSE.

configure:1477: $? = 0
configure:1479: g++ -v </dev/null >&5
Reading specs from /usr/lib/gcc/i486-slackware-linux/4.3.3/specs
Target: i486-slackware-linux
Configured with: ../gcc-4.3.3/configure --prefix=/usr --libdir=/usr/lib --enable-shared --enable-bootstrap --enable-languages=ada,c,c++,fortran,java,objc --enable-threads=posix --enable-checking=release --with-system-zlib --disable-libunwind-exceptions --enable-__cxa_atexit --enable-libssp --with-gnu-ld --verbose --with-arch=i486 --target=i486-slackware-linux --build=i486-slackware-linux --host=i486-slackware-linux
Thread model: posix
gcc version 4.3.3 (GCC) 
configure:1482: $? = 0
configure:1484: g++ -V </dev/null >&5
g++: '-V' option must have argument
configure:1487: $? = 1
configure:1510: checking for C++ compiler default output file name
configure:1513: g++    conftest.cc  >&5
configure:1516: $? = 0
configure:1562: result: a.out
configure:1567: checking whether the C++ compiler works
configure:1573: ./a.out
configure:1576: $? = 0
configure:1593: result: yes
configure:1600: checking whether we are cross compiling
configure:1602: result: no
configure:1605: checking for suffix of executables
configure:1607: g++ -o conftest    conftest.cc  >&5
configure:1610: $? = 0
configure:1635: result: 
configure:1641: checking for suffix of object files
configure:1662: g++ -c   conftest.cc >&5
configure:1665: $? = 0
configure:1687: result: o
configure:1691: checking whether we are using the GNU C++ compiler
configure:1715: g++ -c   conftest.cc >&5
configure:1721: $? = 0
configure:1725: test -z 
			 || test ! -s conftest.err
configure:1728: $? = 0
configure:1731: test -s conftest.o
configure:1734: $? = 0
configure:1747: result: yes
configure:1753: checking whether g++ accepts -g
configure:1774: g++ -c -g  conftest.cc >&5
configure:1780: $? = 0
configure:1784: test -z 
			 || test ! -s conftest.err
configure:1787: $? = 0
configure:1790: test -s conftest.o
configure:1793: $? = 0
configure:1804: result: yes
configure:1846: g++ -c -g -O2  conftest.cc >&5
configure:1852: $? = 0
configure:1856: test -z 
			 || test ! -s conftest.err
configure:1859: $? = 0
configure:1862: test -s conftest.o
configure:1865: $? = 0
configure:1891: g++ -c -g -O2  conftest.cc >&5
conftest.cc: In function 'int main()':
conftest.cc:13: error: 'exit' was not declared in this scope
configure:1897: $? = 1
configure: failed program was:
| /* confdefs.h.  */
| 
| #define PACKAGE_NAME ""
| #define PACKAGE_TARNAME ""
| #define PACKAGE_VERSION ""
| #define PACKAGE_STRING ""
| #define PACKAGE_BUGREPORT ""
| /* end confdefs.h.  */
| 
| int
| main ()
| {
| exit (42);
|   ;
|   return 0;
| }
configure:1846: g++ -c -g -O2  conftest.cc >&5
conftest.cc:9: error: 'void std::exit(int)' should have been declared inside 'std'
configure:1852: $? = 1
configure: failed program was:
| /* confdefs.h.  */
| 
| #define PACKAGE_NAME ""
| #define PACKAGE_TARNAME ""
| #define PACKAGE_VERSION ""
| #define PACKAGE_STRING ""
| #define PACKAGE_BUGREPORT ""
| /* end confdefs.h.  */
| extern "C" void std::exit (int) throw (); using std::exit;
| #include <stdlib.h>
| int
| main ()
| {
| exit (42);
|   ;
|   return 0;
| }
configure:1846: g++ -c -g -O2  conftest.cc >&5
conftest.cc:9: error: 'void std::exit(int)' should have been declared inside 'std'
In file included from conftest.cc:10:
/usr/include/stdlib.h:531: error: declaration of 'void std::exit(int) throw ()' throws different exceptions
conftest.cc:9: error: from previous declaration 'void std::exit(int)'
configure:1852: $? = 1
configure: failed program was:
| /* confdefs.h.  */
| 
| #define PACKAGE_NAME ""
| #define PACKAGE_TARNAME ""
| #define PACKAGE_VERSION ""
| #define PACKAGE_STRING ""
| #define PACKAGE_BUGREPORT ""
| /* end confdefs.h.  */
| extern "C" void std::exit (int); using std::exit;
| #include <stdlib.h>
| int
| main ()
| {
| exit (42);
|   ;
|   return 0;
| }
configure:1846: g++ -c -g -O2  conftest.cc >&5
configure:1852: $? = 0
configure:1856: test -z 
			 || test ! -s conftest.err
configure:1859: $? = 0
configure:1862: test -s conftest.o
configure:1865: $? = 0
configure:1891: g++ -c -g -O2  conftest.cc >&5
configure:1897: $? = 0
configure:1901: test -z 
			 || test ! -s conftest.err
configure:1904: $? = 0
configure:1907: test -s conftest.o
configure:1910: $? = 0
configure:1978: PTLib version is 2.0.1
configure:2009: checking build system type
configure:2027: result: i686-pc-linux-gnu
configure:2035: checking host system type
configure:2049: result: i686-pc-linux-gnu
configure:2057: checking target system type
configure:2071: result: i686-pc-linux-gnu
configure:2222: OSTYPE set to linux
configure:2224: OSRELEASE set to "2.6.29.6-smp"
configure:2226: MACHTYPE set to x86
configure:2276: gcc version is 4.3.3
configure:2282: checking checking if pragma implementation should be used
configure:2294: result: no
configure:2298: checking checking if precompiled headers available
configure:2311: result: yes
configure:2342: checking whether byte ordering is bigendian
configure:2369: g++ -c -g -O2  conftest.cc >&5
configure:2375: $? = 0
configure:2379: test -z 
			 || test ! -s conftest.err
configure:2382: $? = 0
configure:2385: test -s conftest.o
configure:2388: $? = 0
configure:2412: g++ -c -g -O2  conftest.cc >&5
conftest.cc: In function 'int main()':
conftest.cc:27: error: 'big' was not declared in this scope
conftest.cc:27: error: expected `;' before 'endian'
configure:2418: $? = 1
configure: failed program was:
| /* confdefs.h.  */
| 
| #define PACKAGE_NAME ""
| #define PACKAGE_TARNAME ""
| #define PACKAGE_VERSION ""
| #define PACKAGE_STRING ""
| #define PACKAGE_BUGREPORT ""
| #ifdef __cplusplus
| extern "C" void exit (int) throw ();
| #endif
| #define PTLIB_MAJOR 2
| #define PTLIB_MINOR 0
| #define PTLIB_BUILD 1
| #define PTLIB_VERSION "2.0.1"
| #define P_LINUX "2.6.29.6-smp"
| #define PHAS_TEMPLATES 1
| #define P_PTHREADS 1
| #define P_SHAREDLIBEXT $SHAREDLIBEXT
| /* end confdefs.h.  */
| #include <sys/types.h>
| #include <sys/param.h>
| 
| int
| main ()
| {
| #if BYTE_ORDER != BIG_ENDIAN
|  not big endian
| #endif
| 
|   ;
|   return 0;
| }
configure:2553: result: no
configure:2592: checking if linker accepts -felide-constructors
configure:2599: result: yes
configure:2607: checking if linker accepts -Wreorder
configure:2614: result: yes
configure:2624: checking if debug build accepts -g3 -ggdb -O0
configure:2631: result: yes
configure:2651: checking if compiler uses RTTI by default
configure:2675: g++ -c -g -O2  conftest.cc >&5
configure:2681: $? = 0
configure:2685: test -z 
			 || test ! -s conftest.err
configure:2688: $? = 0
configure:2691: test -s conftest.o
configure:2694: $? = 0
configure:2705: result: yes
configure:2757: checking how to run the C++ preprocessor
configure:2788: g++ -E  conftest.cc
configure:2794: $? = 0
configure:2826: g++ -E  conftest.cc
conftest.cc:21:28: error: ac_nonexistent.h: No such file or directory
configure:2832: $? = 1
configure: failed program was:
| /* confdefs.h.  */
| 
| #define PACKAGE_NAME ""
| #define PACKAGE_TARNAME ""
| #define PACKAGE_VERSION ""
| #define PACKAGE_STRING ""
| #define PACKAGE_BUGREPORT ""
| #ifdef __cplusplus
| extern "C" void exit (int) throw ();
| #endif
| #define PTLIB_MAJOR 2
| #define PTLIB_MINOR 0
| #define PTLIB_BUILD 1
| #define PTLIB_VERSION "2.0.1"
| #define P_LINUX "2.6.29.6-smp"
| #define PHAS_TEMPLATES 1
| #define P_PTHREADS 1
| #define P_SHAREDLIBEXT $SHAREDLIBEXT
| #define PBYTE_ORDER PLITTLE_ENDIAN
| /* end confdefs.h.  */
| #include <ac_nonexistent.h>
configure:2871: result: g++ -E
configure:2895: g++ -E  conftest.cc
configure:2901: $? = 0
configure:2933: g++ -E  conftest.cc
conftest.cc:21:28: error: ac_nonexistent.h: No such file or directory
configure:2939: $? = 1
configure: failed program was:
| /* confdefs.h.  */
| 
| #define PACKAGE_NAME ""
| #define PACKAGE_TARNAME ""
| #define PACKAGE_VERSION ""
| #define PACKAGE_STRING ""
| #define PACKAGE_BUGREPORT ""
| #ifdef __cplusplus
| extern "C" void exit (int) throw ();
| #endif
| #define PTLIB_MAJOR 2
| #define PTLIB_MINOR 0
| #define PTLIB_BUILD 1
| #define PTLIB_VERSION "2.0.1"
| #define P_LINUX "2.6.29.6-smp"
| #define PHAS_TEMPLATES 1
| #define P_PTHREADS 1
| #define P_SHAREDLIBEXT $SHAREDLIBEXT
| #define PBYTE_ORDER PLITTLE_ENDIAN
| /* end confdefs.h.  */
| #include <ac_nonexistent.h>
configure:2983: checking for egrep
configure:2993: result: grep -E
configure:2998: checking for ANSI C header files
configure:3023: g++ -c -g -O2  conftest.cc >&5
configure:3029: $? = 0
configure:3033: test -z 
			 || test ! -s conftest.err
configure:3036: $? = 0
configure:3039: test -s conftest.o
configure:3042: $? = 0
configure:3131: g++ -o conftest -g -O2   conftest.cc  >&5
configure:3134: $? = 0
configure:3136: ./conftest
configure:3139: $? = 0
configure:3154: result: yes
configure:3178: checking for sys/types.h
configure:3194: g++ -c -g -O2  conftest.cc >&5
configure:3200: $? = 0
configure:3204: test -z 
			 || test ! -s conftest.err
configure:3207: $? = 0
configure:3210: test -s conftest.o
configure:3213: $? = 0
configure:3224: result: yes
configure:3178: checking for sys/stat.h
configure:3194: g++ -c -g -O2  conftest.cc >&5
configure:3200: $? = 0
configure:3204: test -z 
			 || test ! -s conftest.err
configure:3207: $? = 0
configure:3210: test -s conftest.o
configure:3213: $? = 0
configure:3224: result: yes
configure:3178: checking for stdlib.h
configure:3194: g++ -c -g -O2  conftest.cc >&5
configure:3200: $? = 0
configure:3204: test -z 
			 || test ! -s conftest.err
configure:3207: $? = 0
configure:3210: test -s conftest.o
configure:3213: $? = 0
configure:3224: result: yes
configure:3178: checking for string.h
configure:3194: g++ -c -g -O2  conftest.cc >&5
configure:3200: $? = 0
configure:3204: test -z 
			 || test ! -s conftest.err
configure:3207: $? = 0
configure:3210: test -s conftest.o
configure:3213: $? = 0
configure:3224: result: yes
configure:3178: checking for memory.h
configure:3194: g++ -c -g -O2  conftest.cc >&5
configure:3200: $? = 0
configure:3204: test -z 
			 || test ! -s conftest.err
configure:3207: $? = 0
configure:3210: test -s conftest.o
configure:3213: $? = 0
configure:3224: result: yes
configure:3178: checking for strings.h
configure:3194: g++ -c -g -O2  conftest.cc >&5
configure:3200: $? = 0
configure:3204: test -z 
			 || test ! -s conftest.err
configure:3207: $? = 0
configure:3210: test -s conftest.o
configure:3213: $? = 0
configure:3224: result: yes
configure:3178: checking for inttypes.h
configure:3194: g++ -c -g -O2  conftest.cc >&5
configure:3200: $? = 0
configure:3204: test -z 
			 || test ! -s conftest.err
configure:3207: $? = 0
configure:3210: test -s conftest.o
configure:3213: $? = 0
configure:3224: result: yes
configure:3178: checking for stdint.h
configure:3194: g++ -c -g -O2  conftest.cc >&5
configure:3200: $? = 0
configure:3204: test -z 
			 || test ! -s conftest.err
configure:3207: $? = 0
configure:3210: test -s conftest.o
configure:3213: $? = 0
configure:3224: result: yes
configure:3178: checking for unistd.h
configure:3194: g++ -c -g -O2  conftest.cc >&5
configure:3200: $? = 0
configure:3204: test -z 
			 || test ! -s conftest.err
configure:3207: $? = 0
configure:3210: test -s conftest.o
configure:3213: $? = 0
configure:3224: result: yes
configure:3236: checking for int
configure:3260: g++ -c -g -O2  conftest.cc >&5
configure:3266: $? = 0
configure:3270: test -z 
			 || test ! -s conftest.err
configure:3273: $? = 0
configure:3276: test -s conftest.o
configure:3279: $? = 0
configure:3290: result: yes
configure:3293: checking size of int
configure:3612: g++ -o conftest -g -O2   conftest.cc  >&5
configure:3615: $? = 0
configure:3617: ./conftest
configure:3620: $? = 0
configure:3643: result: 4
configure:3652: checking for working long double with more range or precision than double
configure:3678: g++ -c -g -O2  conftest.cc >&5
configure:3684: $? = 0
configure:3688: test -z 
			 || test ! -s conftest.err
configure:3691: $? = 0
configure:3694: test -s conftest.o
configure:3697: $? = 0
configure:3708: result: yes
configure:3732: checking for flex
configure:3750: found /usr/local/bin/flex
configure:3762: result: /usr/local/bin/flex
configure:3777: checking for ar
configure:3795: found /usr/bin/ar
configure:3807: result: /usr/bin/ar
configure:3858: checking for bison
configure:3876: found /usr/local/bin/bison
configure:3888: result: /usr/local/bin/bison
configure:3901: checking if readdir_r has 2 parms
configure:3920: g++ -c -g -O2  conftest.cc >&5
/usr/include/dirent.h: In function 'int main()':
/usr/include/dirent.h:187: error: too few arguments to function 'int readdir_r(DIR*, dirent*, dirent**)'
conftest.cc:38: error: at this point in file
configure:3926: $? = 1
configure: failed program was:
| /* confdefs.h.  */
| 
| #define PACKAGE_NAME ""
| #define PACKAGE_TARNAME ""
| #define PACKAGE_VERSION ""
| #define PACKAGE_STRING ""
| #define PACKAGE_BUGREPORT ""
| #ifdef __cplusplus
| extern "C" void exit (int) throw ();
| #endif
| #define PTLIB_MAJOR 2
| #define PTLIB_MINOR 0
| #define PTLIB_BUILD 1
| #define PTLIB_VERSION "2.0.1"
| #define P_LINUX "2.6.29.6-smp"
| #define PHAS_TEMPLATES 1
| #define P_PTHREADS 1
| #define P_SHAREDLIBEXT $SHAREDLIBEXT
| #define PBYTE_ORDER PLITTLE_ENDIAN
| #define STDC_HEADERS 1
| #define HAVE_SYS_TYPES_H 1
| #define HAVE_SYS_STAT_H 1
| #define HAVE_STDLIB_H 1
| #define HAVE_STRING_H 1
| #define HAVE_MEMORY_H 1
| #define HAVE_STRINGS_H 1
| #define HAVE_INTTYPES_H 1
| #define HAVE_STDINT_H 1
| #define HAVE_UNISTD_H 1
| #define SIZEOF_INT 4
| #define HAVE_LONG_DOUBLE 1
| /* end confdefs.h.  */
| #define _POSIX_PTHREAD_SEMANTICS
|                 #include <dirent.h>
| int
| main ()
| {
| DIR *s; struct dirent * e; readdir_r(s, e);
|   ;
|   return 0;
| }
configure:3953: result: no
configure:3955: checking if readdir_r has 3 parms
configure:3973: g++ -c -g -O2  conftest.cc >&5
configure:3979: $? = 0
configure:3983: test -z 
			 || test ! -s conftest.err
configure:3986: $? = 0
configure:3989: test -s conftest.o
configure:3992: $? = 0
configure:4003: result: yes
configure:4148: checking for recvmsg
configure:4168: g++ -c -g -O2  conftest.cc >&5
configure:4174: $? = 0
configure:4178: test -z 
			 || test ! -s conftest.err
configure:4181: $? = 0
configure:4184: test -s conftest.o
configure:4187: $? = 0
configure:4197: result: yes
configure:4210: checking if using STL streams
configure:4228: g++ -c -g -O2  conftest.cc >&5
configure:4234: $? = 0
configure:4238: test -z 
			 || test ! -s conftest.err
configure:4241: $? = 0
configure:4244: test -s conftest.o
configure:4247: $? = 0
configure:4257: result: yes
configure:4271: checking if atomic integer available
configure:4289: g++ -c -g -O2  conftest.cc >&5
conftest.cc:36:28: error: bits/atomicity.h: No such file or directory
conftest.cc: In function 'int main()':
conftest.cc:40: error: '_Atomic_word' was not declared in this scope
conftest.cc:40: error: expected `;' before 'val'
configure:4295: $? = 1
configure: failed program was:
| /* confdefs.h.  */
| 
| #define PACKAGE_NAME ""
| #define PACKAGE_TARNAME ""
| #define PACKAGE_VERSION ""
| #define PACKAGE_STRING ""
| #define PACKAGE_BUGREPORT ""
| #ifdef __cplusplus
| extern "C" void exit (int) throw ();
| #endif
| #define PTLIB_MAJOR 2
| #define PTLIB_MINOR 0
| #define PTLIB_BUILD 1
| #define PTLIB_VERSION "2.0.1"
| #define P_LINUX "2.6.29.6-smp"
| #define PHAS_TEMPLATES 1
| #define P_PTHREADS 1
| #define P_SHAREDLIBEXT $SHAREDLIBEXT
| #define PBYTE_ORDER PLITTLE_ENDIAN
| #define STDC_HEADERS 1
| #define HAVE_SYS_TYPES_H 1
| #define HAVE_SYS_STAT_H 1
| #define HAVE_STDLIB_H 1
| #define HAVE_STRING_H 1
| #define HAVE_MEMORY_H 1
| #define HAVE_STRINGS_H 1
| #define HAVE_INTTYPES_H 1
| #define HAVE_STDINT_H 1
| #define HAVE_UNISTD_H 1
| #define SIZEOF_INT 4
| #define HAVE_LONG_DOUBLE 1
| #define P_HAS_POSIX_READDIR_R 3
| #define P_HAS_RECVMSG 1
| #define P_HAS_STL_STREAMS 1
| /* end confdefs.h.  */
| #include <bits/atomicity.h>
| int
| main ()
| {
| _Atomic_word val;
|   ;
|   return 0;
| }
configure:4331: g++ -c -g -O2  conftest.cc >&5
configure:4337: $? = 0
configure:4341: test -z 
			 || test ! -s conftest.err
configure:4344: $? = 0
configure:4347: test -s conftest.o
configure:4350: $? = 0
configure:4363: result: yes
configure:4365: checking if __exchange_and_add is in __gnu_cxx namespace
configure:4430: g++ -c -g -O2  conftest.cc >&5
configure:4436: $? = 0
configure:4440: test -z 
			 || test ! -s conftest.err
configure:4443: $? = 0
configure:4446: test -s conftest.o
configure:4449: $? = 0
configure:4460: result: yes
configure:4582: g++ -c -g -O2  conftest.cc >&5
configure:4588: $? = 0
configure:4592: test -z 
			 || test ! -s conftest.err
configure:4595: $? = 0
configure:4598: test -s conftest.o
configure:4601: $? = 0
configure:4610: checking if Unix semaphores are available
configure:4617: result: yes
configure:4697: checking for pthread_create in -lpthread
configure:4727: g++ -o conftest -g -O2   conftest.cc -lpthread   >&5
configure:4733: $? = 0
configure:4737: test -z 
			 || test ! -s conftest.err
configure:4740: $? = 0
configure:4743: test -s conftest
configure:4746: $? = 0
configure:4759: result: yes
configure:4791: checking if pthread_mutex_timedlock is available
configure:4809: g++ -c -g -O2  conftest.cc >&5
configure:4815: $? = 0
configure:4819: test -z 
			 || test ! -s conftest.err
configure:4822: $? = 0
configure:4825: test -s conftest.o
configure:4828: $? = 0
configure:4839: result: yes
configure:4851: checking for sem_timedwait in -lpthread
configure:4881: g++ -o conftest -g -O2   conftest.cc -lpthread   >&5
configure:4887: $? = 0
configure:4891: test -z 
			 || test ! -s conftest.err
configure:4894: $? = 0
configure:4897: test -s conftest
configure:4900: $? = 0
configure:4913: result: yes
configure:4922: checking if sem_timedwait is compilable
configure:4940: g++ -c -g -O2  conftest.cc >&5
configure:4946: $? = 0
configure:4950: test -z 
			 || test ! -s conftest.err
configure:4953: $? = 0
configure:4956: test -s conftest.o
configure:4959: $? = 0
configure:4975: result: yes
configure:4985: checking if recursive mutexes are available
configure:5003: g++ -c -g -O2  conftest.cc >&5
configure:5009: $? = 0
configure:5013: test -z 
			 || test ! -s conftest.err
configure:5016: $? = 0
configure:5019: test -s conftest.o
configure:5022: $? = 0
configure:5032: result: PTHREAD_MUTEX_RECURSIVE_NP
configure:5108: checking regex.h usability
configure:5120: g++ -c -g -O2  conftest.cc >&5
configure:5126: $? = 0
configure:5130: test -z 
			 || test ! -s conftest.err
configure:5133: $? = 0
configure:5136: test -s conftest.o
configure:5139: $? = 0
configure:5149: result: yes
configure:5153: checking regex.h presence
configure:5163: g++ -E  conftest.cc
configure:5169: $? = 0
configure:5189: result: yes
configure:5224: checking for regex.h
configure:5231: result: yes
configure:5255: checking for regcomp
configure:5312: g++ -o conftest -g -O2   conftest.cc  >&5
configure:5318: $? = 0
configure:5322: test -z 
			 || test ! -s conftest.err
configure:5325: $? = 0
configure:5328: test -s conftest
configure:5331: $? = 0
configure:5343: result: yes
configure:5399: checking dlfcn.h usability
configure:5411: g++ -c -g -O2  conftest.cc >&5
configure:5417: $? = 0
configure:5421: test -z 
			 || test ! -s conftest.err
configure:5424: $? = 0
configure:5427: test -s conftest.o
configure:5430: $? = 0
configure:5440: result: yes
configure:5444: checking dlfcn.h presence
configure:5454: g++ -E  conftest.cc
configure:5460: $? = 0
configure:5480: result: yes
configure:5515: checking for dlfcn.h
configure:5522: result: yes
configure:5538: checking if dlopen is available
configure:5556: g++ -c -g -O2  conftest.cc >&5
configure:5562: $? = 0
configure:5566: test -z 
			 || test ! -s conftest.err
configure:5569: $? = 0
configure:5572: test -s conftest.o
configure:5575: $? = 0
configure:5589: result: yes
configure:5597: checking for dlopen in -ldl
configure:5627: g++ -o conftest -g -O2   conftest.cc -ldl   >&5
configure:5633: $? = 0
configure:5637: test -z 
			 || test ! -s conftest.err
configure:5640: $? = 0
configure:5643: test -s conftest
configure:5646: $? = 0
configure:5659: result: yes
configure:5674: checking if plugins support needs to be compiled
configure:5693: result: plugins enabled
configure:5737: checking for res_ninit
configure:5794: g++ -o conftest -g -O2   conftest.cc  >&5
/tmp/cc081ovZ.o: In function `main':
/root/openmcu/ptlib/conftest.cc:86: undefined reference to `res_ninit'
/tmp/cc081ovZ.o:(.data+0x0): undefined reference to `res_ninit'
collect2: ld returned 1 exit status
configure:5800: $? = 1
configure: failed program was:
| /* confdefs.h.  */
| 
| #define PACKAGE_NAME ""
| #define PACKAGE_TARNAME ""
| #define PACKAGE_VERSION ""
| #define PACKAGE_STRING ""
| #define PACKAGE_BUGREPORT ""
| #ifdef __cplusplus
| extern "C" void exit (int) throw ();
| #endif
| #define PTLIB_MAJOR 2
| #define PTLIB_MINOR 0
| #define PTLIB_BUILD 1
| #define PTLIB_VERSION "2.0.1"
| #define P_LINUX "2.6.29.6-smp"
| #define PHAS_TEMPLATES 1
| #define P_PTHREADS 1
| #define P_SHAREDLIBEXT $SHAREDLIBEXT
| #define PBYTE_ORDER PLITTLE_ENDIAN
| #define STDC_HEADERS 1
| #define HAVE_SYS_TYPES_H 1
| #define HAVE_SYS_STAT_H 1
| #define HAVE_STDLIB_H 1
| #define HAVE_STRING_H 1
| #define HAVE_MEMORY_H 1
| #define HAVE_STRINGS_H 1
| #define HAVE_INTTYPES_H 1
| #define HAVE_STDINT_H 1
| #define HAVE_UNISTD_H 1
| #define SIZEOF_INT 4
| #define HAVE_LONG_DOUBLE 1
| #define P_HAS_POSIX_READDIR_R 3
| #define P_HAS_RECVMSG 1
| #define P_HAS_STL_STREAMS 1
| #define P_HAS_ATOMIC_INT 1
| #define P_NEEDS_GNU_CXX_NAMESPACE 1
| #define P_HAS_SEMAPHORES 1
| #define P_PTHREADS_XPG6 1
| #define P_HAS_SEMAPHORES_XPG6 1
| #define P_HAS_RECURSIVE_MUTEX 1
| #define HAVE_REGEX_H 1
| #define P_REGEX 1
| #define HAVE_DLFCN_H 1
| #define P_DYNALINK 1
| #define P_HAS_PLUGINS 1
| #define P_DEFAULT_PLUGIN_DIR "/usr/local/lib/ptlib"
| /* end confdefs.h.  */
| /* Define res_ninit to an innocuous variant, in case <limits.h> declares res_ninit.
|    For example, HP-UX 11i <limits.h> declares gettimeofday.  */
| #define res_ninit innocuous_res_ninit
| 
| /* System header to define __stub macros and hopefully few prototypes,
|     which can conflict with char res_ninit (); below.
|     Prefer <limits.h> to <assert.h> if __STDC__ is defined, since
|     <limits.h> exists even on freestanding compilers.  */
| 
| #ifdef __STDC__
| # include <limits.h>
| #else
| # include <assert.h>
| #endif
| 
| #undef res_ninit
| 
| /* Override any gcc2 internal prototype to avoid an error.  */
| #ifdef __cplusplus
| extern "C"
| {
| #endif
| /* We use char because int might match the return type of a gcc2
|    builtin and then its argument prototype would still apply.  */
| char res_ninit ();
| /* The GNU C library defines this for functions which it implements
|     to always fail with ENOSYS.  Some functions are actually named
|     something starting with __ and the normal name is an alias.  */
| #if defined (__stub_res_ninit) || defined (__stub___res_ninit)
| choke me
| #else
| char (*f) () = res_ninit;
| #endif
| #ifdef __cplusplus
| }
| #endif
| 
| int
| main ()
| {
| return f != res_ninit;
|   ;
|   return 0;
| }
configure:5825: result: no
configure:5841: checking for res_ninit in -lresolv
configure:5853: g++ -o conftest -g -O2   conftest.cc -lresolv >&5
configure:5859: $? = 0
configure:5863: test -z 
			 || test ! -s conftest.err
configure:5866: $? = 0
configure:5869: test -s conftest
configure:5872: $? = 0
configure:5883: result: yes
configure:6211: checking for sasl_version in -lsasl2
configure:6229: g++ -o conftest -g -O2   conftest.cc  -lsasl2 >&5
configure:6235: $? = 0
configure:6239: test -z 
			 || test ! -s conftest.err
configure:6242: $? = 0
configure:6245: test -s conftest
configure:6248: $? = 0
configure:6318: result: yes
configure:6323: checking if <sasl.h> works
configure:6330: g++ -c -g -O2  conftest.cc >&5
conftest.cc:1:18: error: sasl.h: No such file or directory
conftest.cc: In function 'int main(int, char**)':
conftest.cc:2: error: 'SASL_LOG_PASS' was not declared in this scope
configure:6336: $? = 1
configure: failed program was:
| #include <sasl.h>
| int main(int argc,char **argv){ int v = SASL_LOG_PASS; }
configure:6363: result: no
configure:6365: checking if <sasl/sasl.h> works
configure:6372: g++ -c -g -O2  conftest.cc >&5
configure:6378: $? = 0
configure:6382: test -z 
			 || test ! -s conftest.err
configure:6385: $? = 0
configure:6388: test -s conftest.o
configure:6391: $? = 0
configure:6401: result: yes
configure:6439: checking for mlib_VideoColorJFIFYCC2RGB420_Nearest in -lmlib
configure:6469: g++ -o conftest -g -O2   conftest.cc -lmlib   >&5
/usr/lib/gcc/i486-slackware-linux/4.3.3/../../../../i486-slackware-linux/bin/ld: cannot find -lmlib
collect2: ld returned 1 exit status
configure:6475: $? = 1
configure: failed program was:
| /* confdefs.h.  */
| 
| #define PACKAGE_NAME ""
| #define PACKAGE_TARNAME ""
| #define PACKAGE_VERSION ""
| #define PACKAGE_STRING ""
| #define PACKAGE_BUGREPORT ""
| #ifdef __cplusplus
| extern "C" void exit (int) throw ();
| #endif
| #define PTLIB_MAJOR 2
| #define PTLIB_MINOR 0
| #define PTLIB_BUILD 1
| #define PTLIB_VERSION "2.0.1"
| #define P_LINUX "2.6.29.6-smp"
| #define PHAS_TEMPLATES 1
| #define P_PTHREADS 1
| #define P_SHAREDLIBEXT $SHAREDLIBEXT
| #define PBYTE_ORDER PLITTLE_ENDIAN
| #define STDC_HEADERS 1
| #define HAVE_SYS_TYPES_H 1
| #define HAVE_SYS_STAT_H 1
| #define HAVE_STDLIB_H 1
| #define HAVE_STRING_H 1
| #define HAVE_MEMORY_H 1
| #define HAVE_STRINGS_H 1
| #define HAVE_INTTYPES_H 1
| #define HAVE_STDINT_H 1
| #define HAVE_UNISTD_H 1
| #define SIZEOF_INT 4
| #define HAVE_LONG_DOUBLE 1
| #define P_HAS_POSIX_READDIR_R 3
| #define P_HAS_RECVMSG 1
| #define P_HAS_STL_STREAMS 1
| #define P_HAS_ATOMIC_INT 1
| #define P_NEEDS_GNU_CXX_NAMESPACE 1
| #define P_HAS_SEMAPHORES 1
| #define P_PTHREADS_XPG6 1
| #define P_HAS_SEMAPHORES_XPG6 1
| #define P_HAS_RECURSIVE_MUTEX 1
| #define HAVE_REGEX_H 1
| #define P_REGEX 1
| #define HAVE_DLFCN_H 1
| #define P_DYNALINK 1
| #define P_HAS_PLUGINS 1
| #define P_DEFAULT_PLUGIN_DIR "/usr/local/lib/ptlib"
| #define P_HAS_RES_NINIT 1
| #define P_DNS 1
| #define P_HAS_SASL_SASL_H 1
| #define P_SASL2 1
| /* end confdefs.h.  */
| 
| /* Override any gcc2 internal prototype to avoid an error.  */
| #ifdef __cplusplus
| extern "C"
| #endif
| /* We use char because int might match the return type of a gcc2
|    builtin and then its argument prototype would still apply.  */
| char mlib_VideoColorJFIFYCC2RGB420_Nearest ();
| int
| main ()
| {
| mlib_VideoColorJFIFYCC2RGB420_Nearest ();
|   ;
|   return 0;
| }
configure:6501: result: no
configure:6549: checking ldap.h usability
configure:6561: g++ -c -g -O2  conftest.cc >&5
conftest.cc:86:18: error: ldap.h: No such file or directory
configure:6567: $? = 1
configure: failed program was:
| /* confdefs.h.  */
| 
| #define PACKAGE_NAME ""
| #define PACKAGE_TARNAME ""
| #define PACKAGE_VERSION ""
| #define PACKAGE_STRING ""
| #define PACKAGE_BUGREPORT ""
| #ifdef __cplusplus
| extern "C" void exit (int) throw ();
| #endif
| #define PTLIB_MAJOR 2
| #define PTLIB_MINOR 0
| #define PTLIB_BUILD 1
| #define PTLIB_VERSION "2.0.1"
| #define P_LINUX "2.6.29.6-smp"
| #define PHAS_TEMPLATES 1
| #define P_PTHREADS 1
| #define P_SHAREDLIBEXT $SHAREDLIBEXT
| #define PBYTE_ORDER PLITTLE_ENDIAN
| #define STDC_HEADERS 1
| #define HAVE_SYS_TYPES_H 1
| #define HAVE_SYS_STAT_H 1
| #define HAVE_STDLIB_H 1
| #define HAVE_STRING_H 1
| #define HAVE_MEMORY_H 1
| #define HAVE_STRINGS_H 1
| #define HAVE_INTTYPES_H 1
| #define HAVE_STDINT_H 1
| #define HAVE_UNISTD_H 1
| #define SIZEOF_INT 4
| #define HAVE_LONG_DOUBLE 1
| #define P_HAS_POSIX_READDIR_R 3
| #define P_HAS_RECVMSG 1
| #define P_HAS_STL_STREAMS 1
| #define P_HAS_ATOMIC_INT 1
| #define P_NEEDS_GNU_CXX_NAMESPACE 1
| #define P_HAS_SEMAPHORES 1
| #define P_PTHREADS_XPG6 1
| #define P_HAS_SEMAPHORES_XPG6 1
| #define P_HAS_RECURSIVE_MUTEX 1
| #define HAVE_REGEX_H 1
| #define P_REGEX 1
| #define HAVE_DLFCN_H 1
| #define P_DYNALINK 1
| #define P_HAS_PLUGINS 1
| #define P_DEFAULT_PLUGIN_DIR "/usr/local/lib/ptlib"
| #define P_HAS_RES_NINIT 1
| #define P_DNS 1
| #define P_HAS_SASL_SASL_H 1
| #define P_SASL2 1
| /* end confdefs.h.  */
| #include <stdio.h>
| #if HAVE_SYS_TYPES_H
| # include <sys/types.h>
| #endif
| #if HAVE_SYS_STAT_H
| # include <sys/stat.h>
| #endif
| #if STDC_HEADERS
| # include <stdlib.h>
| # include <stddef.h>
| #else
| # if HAVE_STDLIB_H
| #  include <stdlib.h>
| # endif
| #endif
| #if HAVE_STRING_H
| # if !STDC_HEADERS && HAVE_MEMORY_H
| #  include <memory.h>
| # endif
| # include <string.h>
| #endif
| #if HAVE_STRINGS_H
| # include <strings.h>
| #endif
| #if HAVE_INTTYPES_H
| # include <inttypes.h>
| #else
| # if HAVE_STDINT_H
| #  include <stdint.h>
| # endif
| #endif
| #if HAVE_UNISTD_H
| # include <unistd.h>
| #endif
| #include <ldap.h>
configure:6590: result: no
configure:6594: checking ldap.h presence
configure:6604: g++ -E  conftest.cc
conftest.cc:52:18: error: ldap.h: No such file or directory
configure:6610: $? = 1
configure: failed program was:
| /* confdefs.h.  */
| 
| #define PACKAGE_NAME ""
| #define PACKAGE_TARNAME ""
| #define PACKAGE_VERSION ""
| #define PACKAGE_STRING ""
| #define PACKAGE_BUGREPORT ""
| #ifdef __cplusplus
| extern "C" void exit (int) throw ();
| #endif
| #define PTLIB_MAJOR 2
| #define PTLIB_MINOR 0
| #define PTLIB_BUILD 1
| #define PTLIB_VERSION "2.0.1"
| #define P_LINUX "2.6.29.6-smp"
| #define PHAS_TEMPLATES 1
| #define P_PTHREADS 1
| #define P_SHAREDLIBEXT $SHAREDLIBEXT
| #define PBYTE_ORDER PLITTLE_ENDIAN
| #define STDC_HEADERS 1
| #define HAVE_SYS_TYPES_H 1
| #define HAVE_SYS_STAT_H 1
| #define HAVE_STDLIB_H 1
| #define HAVE_STRING_H 1
| #define HAVE_MEMORY_H 1
| #define HAVE_STRINGS_H 1
| #define HAVE_INTTYPES_H 1
| #define HAVE_STDINT_H 1
| #define HAVE_UNISTD_H 1
| #define SIZEOF_INT 4
| #define HAVE_LONG_DOUBLE 1
| #define P_HAS_POSIX_READDIR_R 3
| #define P_HAS_RECVMSG 1
| #define P_HAS_STL_STREAMS 1
| #define P_HAS_ATOMIC_INT 1
| #define P_NEEDS_GNU_CXX_NAMESPACE 1
| #define P_HAS_SEMAPHORES 1
| #define P_PTHREADS_XPG6 1
| #define P_HAS_SEMAPHORES_XPG6 1
| #define P_HAS_RECURSIVE_MUTEX 1
| #define HAVE_REGEX_H 1
| #define P_REGEX 1
| #define HAVE_DLFCN_H 1
| #define P_DYNALINK 1
| #define P_HAS_PLUGINS 1
| #define P_DEFAULT_PLUGIN_DIR "/usr/local/lib/ptlib"
| #define P_HAS_RES_NINIT 1
| #define P_DNS 1
| #define P_HAS_SASL_SASL_H 1
| #define P_SASL2 1
| /* end confdefs.h.  */
| #include <ldap.h>
configure:6630: result: no
configure:6665: checking for ldap.h
configure:6672: result: no
configure:6762: checking for /usr/local/include/ldap.h
configure:6777: result: no
configure:6932: checking openssl/ssl.h usability
configure:6944: g++ -c -g -O2  conftest.cc >&5
configure:6950: $? = 0
configure:6954: test -z 
			 || test ! -s conftest.err
configure:6957: $? = 0
configure:6960: test -s conftest.o
configure:6963: $? = 0
configure:6973: result: yes
configure:6977: checking openssl/ssl.h presence
configure:6987: g++ -E  conftest.cc
configure:6993: $? = 0
configure:7013: result: yes
configure:7048: checking for openssl/ssl.h
configure:7055: result: yes
configure:7204: checking openssl/aes.h usability
configure:7216: g++ -c -g -O2  conftest.cc >&5
configure:7222: $? = 0
configure:7226: test -z 
			 || test ! -s conftest.err
configure:7229: $? = 0
configure:7232: test -s conftest.o
configure:7235: $? = 0
configure:7245: result: yes
configure:7249: checking openssl/aes.h presence
configure:7259: g++ -E  conftest.cc
configure:7265: $? = 0
configure:7285: result: yes
configure:7320: checking for openssl/aes.h
configure:7327: result: yes
configure:7350: checking for const arg to d2i_AutoPrivateKey
configure:7370: g++ -c -g -O2  conftest.cc >&5
configure:7376: $? = 0
configure:7380: test -z 
			 || test ! -s conftest.err
configure:7383: $? = 0
configure:7386: test -s conftest.o
configure:7389: $? = 0
configure:7402: result: yes
configure:7477: checking expat.h usability
configure:7489: g++ -c -g -O2  conftest.cc >&5
conftest.cc:91:19: error: expat.h: No such file or directory
configure:7495: $? = 1
configure: failed program was:
| /* confdefs.h.  */
| 
| #define PACKAGE_NAME ""
| #define PACKAGE_TARNAME ""
| #define PACKAGE_VERSION ""
| #define PACKAGE_STRING ""
| #define PACKAGE_BUGREPORT ""
| #ifdef __cplusplus
| extern "C" void exit (int) throw ();
| #endif
| #define PTLIB_MAJOR 2
| #define PTLIB_MINOR 0
| #define PTLIB_BUILD 1
| #define PTLIB_VERSION "2.0.1"
| #define P_LINUX "2.6.29.6-smp"
| #define PHAS_TEMPLATES 1
| #define P_PTHREADS 1
| #define P_SHAREDLIBEXT $SHAREDLIBEXT
| #define PBYTE_ORDER PLITTLE_ENDIAN
| #define STDC_HEADERS 1
| #define HAVE_SYS_TYPES_H 1
| #define HAVE_SYS_STAT_H 1
| #define HAVE_STDLIB_H 1
| #define HAVE_STRING_H 1
| #define HAVE_MEMORY_H 1
| #define HAVE_STRINGS_H 1
| #define HAVE_INTTYPES_H 1
| #define HAVE_STDINT_H 1
| #define HAVE_UNISTD_H 1
| #define SIZEOF_INT 4
| #define HAVE_LONG_DOUBLE 1
| #define P_HAS_POSIX_READDIR_R 3
| #define P_HAS_RECVMSG 1
| #define P_HAS_STL_STREAMS 1
| #define P_HAS_ATOMIC_INT 1
| #define P_NEEDS_GNU_CXX_NAMESPACE 1
| #define P_HAS_SEMAPHORES 1
| #define P_PTHREADS_XPG6 1
| #define P_HAS_SEMAPHORES_XPG6 1
| #define P_HAS_RECURSIVE_MUTEX 1
| #define HAVE_REGEX_H 1
| #define P_REGEX 1
| #define HAVE_DLFCN_H 1
| #define P_DYNALINK 1
| #define P_HAS_PLUGINS 1
| #define P_DEFAULT_PLUGIN_DIR "/usr/local/lib/ptlib"
| #define P_HAS_RES_NINIT 1
| #define P_DNS 1
| #define P_HAS_SASL_SASL_H 1
| #define P_SASL2 1
| #define HAVE_OPENSSL_SSL_H 1
| #define P_SSL 1
| #define HAVE_OPENSSL_AES_H 1
| #define P_SSL_AES 1
| #define P_SSL_USE_CONST 1
| /* end confdefs.h.  */
| #include <stdio.h>
| #if HAVE_SYS_TYPES_H
| # include <sys/types.h>
| #endif
| #if HAVE_SYS_STAT_H
| # include <sys/stat.h>
| #endif
| #if STDC_HEADERS
| # include <stdlib.h>
| # include <stddef.h>
| #else
| # if HAVE_STDLIB_H
| #  include <stdlib.h>
| # endif
| #endif
| #if HAVE_STRING_H
| # if !STDC_HEADERS && HAVE_MEMORY_H
| #  include <memory.h>
| # endif
| # include <string.h>
| #endif
| #if HAVE_STRINGS_H
| # include <strings.h>
| #endif
| #if HAVE_INTTYPES_H
| # include <inttypes.h>
| #else
| # if HAVE_STDINT_H
| #  include <stdint.h>
| # endif
| #endif
| #if HAVE_UNISTD_H
| # include <unistd.h>
| #endif
| #include <expat.h>
configure:7518: result: no
configure:7522: checking expat.h presence
configure:7532: g++ -E  conftest.cc
conftest.cc:57:19: error: expat.h: No such file or directory
configure:7538: $? = 1
configure: failed program was:
| /* confdefs.h.  */
| 
| #define PACKAGE_NAME ""
| #define PACKAGE_TARNAME ""
| #define PACKAGE_VERSION ""
| #define PACKAGE_STRING ""
| #define PACKAGE_BUGREPORT ""
| #ifdef __cplusplus
| extern "C" void exit (int) throw ();
| #endif
| #define PTLIB_MAJOR 2
| #define PTLIB_MINOR 0
| #define PTLIB_BUILD 1
| #define PTLIB_VERSION "2.0.1"
| #define P_LINUX "2.6.29.6-smp"
| #define PHAS_TEMPLATES 1
| #define P_PTHREADS 1
| #define P_SHAREDLIBEXT $SHAREDLIBEXT
| #define PBYTE_ORDER PLITTLE_ENDIAN
| #define STDC_HEADERS 1
| #define HAVE_SYS_TYPES_H 1
| #define HAVE_SYS_STAT_H 1
| #define HAVE_STDLIB_H 1
| #define HAVE_STRING_H 1
| #define HAVE_MEMORY_H 1
| #define HAVE_STRINGS_H 1
| #define HAVE_INTTYPES_H 1
| #define HAVE_STDINT_H 1
| #define HAVE_UNISTD_H 1
| #define SIZEOF_INT 4
| #define HAVE_LONG_DOUBLE 1
| #define P_HAS_POSIX_READDIR_R 3
| #define P_HAS_RECVMSG 1
| #define P_HAS_STL_STREAMS 1
| #define P_HAS_ATOMIC_INT 1
| #define P_NEEDS_GNU_CXX_NAMESPACE 1
| #define P_HAS_SEMAPHORES 1
| #define P_PTHREADS_XPG6 1
| #define P_HAS_SEMAPHORES_XPG6 1
| #define P_HAS_RECURSIVE_MUTEX 1
| #define HAVE_REGEX_H 1
| #define P_REGEX 1
| #define HAVE_DLFCN_H 1
| #define P_DYNALINK 1
| #define P_HAS_PLUGINS 1
| #define P_DEFAULT_PLUGIN_DIR "/usr/local/lib/ptlib"
| #define P_HAS_RES_NINIT 1
| #define P_DNS 1
| #define P_HAS_SASL_SASL_H 1
| #define P_SASL2 1
| #define HAVE_OPENSSL_SSL_H 1
| #define P_SSL 1
| #define HAVE_OPENSSL_AES_H 1
| #define P_SSL_AES 1
| #define P_SSL_USE_CONST 1
| /* end confdefs.h.  */
| #include <expat.h>
configure:7558: result: no
configure:7593: checking for expat.h
configure:7600: result: no
configure:7685: checking for /usr/local/include/expat.h
configure:7700: result: no
configure:7882: checking for IPv6 support
configure:7901: g++ -c -g -O2  conftest.cc >&5
configure:7907: $? = 0
configure:7911: test -z 
			 || test ! -s conftest.err
configure:7914: $? = 0
configure:7917: test -s conftest.o
configure:7920: $? = 0
configure:7951: g++ -c -g -O2  conftest.cc >&5
configure:7957: $? = 0
configure:7961: test -z 
			 || test ! -s conftest.err
configure:7964: $? = 0
configure:7967: test -s conftest.o
configure:7970: $? = 0
configure:7984: result: yes
configure:8057: checking SDL/SDL.h usability
configure:8069: g++ -c -g -O2  conftest.cc >&5
conftest.cc:98:21: error: SDL/SDL.h: No such file or directory
configure:8075: $? = 1
configure: failed program was:
| /* confdefs.h.  */
| 
| #define PACKAGE_NAME ""
| #define PACKAGE_TARNAME ""
| #define PACKAGE_VERSION ""
| #define PACKAGE_STRING ""
| #define PACKAGE_BUGREPORT ""
| #ifdef __cplusplus
| extern "C" void exit (int) throw ();
| #endif
| #define PTLIB_MAJOR 2
| #define PTLIB_MINOR 0
| #define PTLIB_BUILD 1
| #define PTLIB_VERSION "2.0.1"
| #define P_LINUX "2.6.29.6-smp"
| #define PHAS_TEMPLATES 1
| #define P_PTHREADS 1
| #define P_SHAREDLIBEXT $SHAREDLIBEXT
| #define PBYTE_ORDER PLITTLE_ENDIAN
| #define STDC_HEADERS 1
| #define HAVE_SYS_TYPES_H 1
| #define HAVE_SYS_STAT_H 1
| #define HAVE_STDLIB_H 1
| #define HAVE_STRING_H 1
| #define HAVE_MEMORY_H 1
| #define HAVE_STRINGS_H 1
| #define HAVE_INTTYPES_H 1
| #define HAVE_STDINT_H 1
| #define HAVE_UNISTD_H 1
| #define SIZEOF_INT 4
| #define HAVE_LONG_DOUBLE 1
| #define P_HAS_POSIX_READDIR_R 3
| #define P_HAS_RECVMSG 1
| #define P_HAS_STL_STREAMS 1
| #define P_HAS_ATOMIC_INT 1
| #define P_NEEDS_GNU_CXX_NAMESPACE 1
| #define P_HAS_SEMAPHORES 1
| #define P_PTHREADS_XPG6 1
| #define P_HAS_SEMAPHORES_XPG6 1
| #define P_HAS_RECURSIVE_MUTEX 1
| #define HAVE_REGEX_H 1
| #define P_REGEX 1
| #define HAVE_DLFCN_H 1
| #define P_DYNALINK 1
| #define P_HAS_PLUGINS 1
| #define P_DEFAULT_PLUGIN_DIR "/usr/local/lib/ptlib"
| #define P_HAS_RES_NINIT 1
| #define P_DNS 1
| #define P_HAS_SASL_SASL_H 1
| #define P_SASL2 1
| #define HAVE_OPENSSL_SSL_H 1
| #define P_SSL 1
| #define HAVE_OPENSSL_AES_H 1
| #define P_SSL_AES 1
| #define P_SSL_USE_CONST 1
| #define P_VXML 1
| #define P_JABBER 1
| #define P_XMLRPC 1
| #define P_SOAP 1
| #define P_TTS 1
| #define P_HAS_IPV6 1
| #define P_HAS_QOS 1
| /* end confdefs.h.  */
| #include <stdio.h>
| #if HAVE_SYS_TYPES_H
| # include <sys/types.h>
| #endif
| #if HAVE_SYS_STAT_H
| # include <sys/stat.h>
| #endif
| #if STDC_HEADERS
| # include <stdlib.h>
| # include <stddef.h>
| #else
| # if HAVE_STDLIB_H
| #  include <stdlib.h>
| # endif
| #endif
| #if HAVE_STRING_H
| # if !STDC_HEADERS && HAVE_MEMORY_H
| #  include <memory.h>
| # endif
| # include <string.h>
| #endif
| #if HAVE_STRINGS_H
| # include <strings.h>
| #endif
| #if HAVE_INTTYPES_H
| # include <inttypes.h>
| #else
| # if HAVE_STDINT_H
| #  include <stdint.h>
| # endif
| #endif
| #if HAVE_UNISTD_H
| # include <unistd.h>
| #endif
| #include <SDL/SDL.h>
configure:8098: result: no
configure:8102: checking SDL/SDL.h presence
configure:8112: g++ -E  conftest.cc
conftest.cc:64:21: error: SDL/SDL.h: No such file or directory
configure:8118: $? = 1
configure: failed program was:
| /* confdefs.h.  */
| 
| #define PACKAGE_NAME ""
| #define PACKAGE_TARNAME ""
| #define PACKAGE_VERSION ""
| #define PACKAGE_STRING ""
| #define PACKAGE_BUGREPORT ""
| #ifdef __cplusplus
| extern "C" void exit (int) throw ();
| #endif
| #define PTLIB_MAJOR 2
| #define PTLIB_MINOR 0
| #define PTLIB_BUILD 1
| #define PTLIB_VERSION "2.0.1"
| #define P_LINUX "2.6.29.6-smp"
| #define PHAS_TEMPLATES 1
| #define P_PTHREADS 1
| #define P_SHAREDLIBEXT $SHAREDLIBEXT
| #define PBYTE_ORDER PLITTLE_ENDIAN
| #define STDC_HEADERS 1
| #define HAVE_SYS_TYPES_H 1
| #define HAVE_SYS_STAT_H 1
| #define HAVE_STDLIB_H 1
| #define HAVE_STRING_H 1
| #define HAVE_MEMORY_H 1
| #define HAVE_STRINGS_H 1
| #define HAVE_INTTYPES_H 1
| #define HAVE_STDINT_H 1
| #define HAVE_UNISTD_H 1
| #define SIZEOF_INT 4
| #define HAVE_LONG_DOUBLE 1
| #define P_HAS_POSIX_READDIR_R 3
| #define P_HAS_RECVMSG 1
| #define P_HAS_STL_STREAMS 1
| #define P_HAS_ATOMIC_INT 1
| #define P_NEEDS_GNU_CXX_NAMESPACE 1
| #define P_HAS_SEMAPHORES 1
| #define P_PTHREADS_XPG6 1
| #define P_HAS_SEMAPHORES_XPG6 1
| #define P_HAS_RECURSIVE_MUTEX 1
| #define HAVE_REGEX_H 1
| #define P_REGEX 1
| #define HAVE_DLFCN_H 1
| #define P_DYNALINK 1
| #define P_HAS_PLUGINS 1
| #define P_DEFAULT_PLUGIN_DIR "/usr/local/lib/ptlib"
| #define P_HAS_RES_NINIT 1
| #define P_DNS 1
| #define P_HAS_SASL_SASL_H 1
| #define P_SASL2 1
| #define HAVE_OPENSSL_SSL_H 1
| #define P_SSL 1
| #define HAVE_OPENSSL_AES_H 1
| #define P_SSL_AES 1
| #define P_SSL_USE_CONST 1
| #define P_VXML 1
| #define P_JABBER 1
| #define P_XMLRPC 1
| #define P_SOAP 1
| #define P_TTS 1
| #define P_HAS_IPV6 1
| #define P_HAS_QOS 1
| /* end confdefs.h.  */
| #include <SDL/SDL.h>
configure:8138: result: no
configure:8173: checking for SDL/SDL.h
configure:8180: result: no
configure:8280: checking SDL11/SDL.h usability
configure:8292: g++ -c -g -O2  conftest.cc >&5
conftest.cc:98:23: error: SDL11/SDL.h: No such file or directory
configure:8298: $? = 1
configure: failed program was:
| /* confdefs.h.  */
| 
| #define PACKAGE_NAME ""
| #define PACKAGE_TARNAME ""
| #define PACKAGE_VERSION ""
| #define PACKAGE_STRING ""
| #define PACKAGE_BUGREPORT ""
| #ifdef __cplusplus
| extern "C" void exit (int) throw ();
| #endif
| #define PTLIB_MAJOR 2
| #define PTLIB_MINOR 0
| #define PTLIB_BUILD 1
| #define PTLIB_VERSION "2.0.1"
| #define P_LINUX "2.6.29.6-smp"
| #define PHAS_TEMPLATES 1
| #define P_PTHREADS 1
| #define P_SHAREDLIBEXT $SHAREDLIBEXT
| #define PBYTE_ORDER PLITTLE_ENDIAN
| #define STDC_HEADERS 1
| #define HAVE_SYS_TYPES_H 1
| #define HAVE_SYS_STAT_H 1
| #define HAVE_STDLIB_H 1
| #define HAVE_STRING_H 1
| #define HAVE_MEMORY_H 1
| #define HAVE_STRINGS_H 1
| #define HAVE_INTTYPES_H 1
| #define HAVE_STDINT_H 1
| #define HAVE_UNISTD_H 1
| #define SIZEOF_INT 4
| #define HAVE_LONG_DOUBLE 1
| #define P_HAS_POSIX_READDIR_R 3
| #define P_HAS_RECVMSG 1
| #define P_HAS_STL_STREAMS 1
| #define P_HAS_ATOMIC_INT 1
| #define P_NEEDS_GNU_CXX_NAMESPACE 1
| #define P_HAS_SEMAPHORES 1
| #define P_PTHREADS_XPG6 1
| #define P_HAS_SEMAPHORES_XPG6 1
| #define P_HAS_RECURSIVE_MUTEX 1
| #define HAVE_REGEX_H 1
| #define P_REGEX 1
| #define HAVE_DLFCN_H 1
| #define P_DYNALINK 1
| #define P_HAS_PLUGINS 1
| #define P_DEFAULT_PLUGIN_DIR "/usr/local/lib/ptlib"
| #define P_HAS_RES_NINIT 1
| #define P_DNS 1
| #define P_HAS_SASL_SASL_H 1
| #define P_SASL2 1
| #define HAVE_OPENSSL_SSL_H 1
| #define P_SSL 1
| #define HAVE_OPENSSL_AES_H 1
| #define P_SSL_AES 1
| #define P_SSL_USE_CONST 1
| #define P_VXML 1
| #define P_JABBER 1
| #define P_XMLRPC 1
| #define P_SOAP 1
| #define P_TTS 1
| #define P_HAS_IPV6 1
| #define P_HAS_QOS 1
| /* end confdefs.h.  */
| #include <stdio.h>
| #if HAVE_SYS_TYPES_H
| # include <sys/types.h>
| #endif
| #if HAVE_SYS_STAT_H
| # include <sys/stat.h>
| #endif
| #if STDC_HEADERS
| # include <stdlib.h>
| # include <stddef.h>
| #else
| # if HAVE_STDLIB_H
| #  include <stdlib.h>
| # endif
| #endif
| #if HAVE_STRING_H
| # if !STDC_HEADERS && HAVE_MEMORY_H
| #  include <memory.h>
| # endif
| # include <string.h>
| #endif
| #if HAVE_STRINGS_H
| # include <strings.h>
| #endif
| #if HAVE_INTTYPES_H
| # include <inttypes.h>
| #else
| # if HAVE_STDINT_H
| #  include <stdint.h>
| # endif
| #endif
| #if HAVE_UNISTD_H
| # include <unistd.h>
| #endif
| #include <SDL11/SDL.h>
configure:8321: result: no
configure:8325: checking SDL11/SDL.h presence
configure:8335: g++ -E  conftest.cc
conftest.cc:64:23: error: SDL11/SDL.h: No such file or directory
configure:8341: $? = 1
configure: failed program was:
| /* confdefs.h.  */
| 
| #define PACKAGE_NAME ""
| #define PACKAGE_TARNAME ""
| #define PACKAGE_VERSION ""
| #define PACKAGE_STRING ""
| #define PACKAGE_BUGREPORT ""
| #ifdef __cplusplus
| extern "C" void exit (int) throw ();
| #endif
| #define PTLIB_MAJOR 2
| #define PTLIB_MINOR 0
| #define PTLIB_BUILD 1
| #define PTLIB_VERSION "2.0.1"
| #define P_LINUX "2.6.29.6-smp"
| #define PHAS_TEMPLATES 1
| #define P_PTHREADS 1
| #define P_SHAREDLIBEXT $SHAREDLIBEXT
| #define PBYTE_ORDER PLITTLE_ENDIAN
| #define STDC_HEADERS 1
| #define HAVE_SYS_TYPES_H 1
| #define HAVE_SYS_STAT_H 1
| #define HAVE_STDLIB_H 1
| #define HAVE_STRING_H 1
| #define HAVE_MEMORY_H 1
| #define HAVE_STRINGS_H 1
| #define HAVE_INTTYPES_H 1
| #define HAVE_STDINT_H 1
| #define HAVE_UNISTD_H 1
| #define SIZEOF_INT 4
| #define HAVE_LONG_DOUBLE 1
| #define P_HAS_POSIX_READDIR_R 3
| #define P_HAS_RECVMSG 1
| #define P_HAS_STL_STREAMS 1
| #define P_HAS_ATOMIC_INT 1
| #define P_NEEDS_GNU_CXX_NAMESPACE 1
| #define P_HAS_SEMAPHORES 1
| #define P_PTHREADS_XPG6 1
| #define P_HAS_SEMAPHORES_XPG6 1
| #define P_HAS_RECURSIVE_MUTEX 1
| #define HAVE_REGEX_H 1
| #define P_REGEX 1
| #define HAVE_DLFCN_H 1
| #define P_DYNALINK 1
| #define P_HAS_PLUGINS 1
| #define P_DEFAULT_PLUGIN_DIR "/usr/local/lib/ptlib"
| #define P_HAS_RES_NINIT 1
| #define P_DNS 1
| #define P_HAS_SASL_SASL_H 1
| #define P_SASL2 1
| #define HAVE_OPENSSL_SSL_H 1
| #define P_SSL 1
| #define HAVE_OPENSSL_AES_H 1
| #define P_SSL_AES 1
| #define P_SSL_USE_CONST 1
| #define P_VXML 1
| #define P_JABBER 1
| #define P_XMLRPC 1
| #define P_SOAP 1
| #define P_TTS 1
| #define P_HAS_IPV6 1
| #define P_HAS_QOS 1
| /* end confdefs.h.  */
| #include <SDL11/SDL.h>
configure:8361: result: no
configure:8396: checking for SDL11/SDL.h
configure:8403: result: no
configure:8476: checking linux/videodev.h usability
configure:8488: g++ -c -g -O2  conftest.cc >&5
configure:8494: $? = 0
configure:8498: test -z 
			 || test ! -s conftest.err
configure:8501: $? = 0
configure:8504: test -s conftest.o
configure:8507: $? = 0
configure:8517: result: yes
configure:8521: checking linux/videodev.h presence
configure:8531: g++ -E  conftest.cc
configure:8537: $? = 0
configure:8557: result: yes
configure:8592: checking for linux/videodev.h
configure:8599: result: yes
configure:8663: Shared memory video devices enabled
configure:8910: Remote connection support disabled
configure:9060: Socket aggregation support disabled
configure:9094: Video file support enabled
configure:9481: checking for swab
configure:9538: g++ -o conftest -g -O2   conftest.cc  >&5
configure:9544: $? = 0
configure:9548: test -z 
			 || test ! -s conftest.err
configure:9551: $? = 0
configure:9554: test -s conftest
configure:9557: $? = 0
configure:9569: result: yes
configure:9632: checking sql.h usability
configure:9644: g++ -c -g -O2  conftest.cc >&5
conftest.cc:116:17: error: sql.h: No such file or directory
configure:9650: $? = 1
configure: failed program was:
| /* confdefs.h.  */
| 
| #define PACKAGE_NAME ""
| #define PACKAGE_TARNAME ""
| #define PACKAGE_VERSION ""
| #define PACKAGE_STRING ""
| #define PACKAGE_BUGREPORT ""
| #ifdef __cplusplus
| extern "C" void exit (int) throw ();
| #endif
| #define PTLIB_MAJOR 2
| #define PTLIB_MINOR 0
| #define PTLIB_BUILD 1
| #define PTLIB_VERSION "2.0.1"
| #define P_LINUX "2.6.29.6-smp"
| #define PHAS_TEMPLATES 1
| #define P_PTHREADS 1
| #define P_SHAREDLIBEXT $SHAREDLIBEXT
| #define PBYTE_ORDER PLITTLE_ENDIAN
| #define STDC_HEADERS 1
| #define HAVE_SYS_TYPES_H 1
| #define HAVE_SYS_STAT_H 1
| #define HAVE_STDLIB_H 1
| #define HAVE_STRING_H 1
| #define HAVE_MEMORY_H 1
| #define HAVE_STRINGS_H 1
| #define HAVE_INTTYPES_H 1
| #define HAVE_STDINT_H 1
| #define HAVE_UNISTD_H 1
| #define SIZEOF_INT 4
| #define HAVE_LONG_DOUBLE 1
| #define P_HAS_POSIX_READDIR_R 3
| #define P_HAS_RECVMSG 1
| #define P_HAS_STL_STREAMS 1
| #define P_HAS_ATOMIC_INT 1
| #define P_NEEDS_GNU_CXX_NAMESPACE 1
| #define P_HAS_SEMAPHORES 1
| #define P_PTHREADS_XPG6 1
| #define P_HAS_SEMAPHORES_XPG6 1
| #define P_HAS_RECURSIVE_MUTEX 1
| #define HAVE_REGEX_H 1
| #define P_REGEX 1
| #define HAVE_DLFCN_H 1
| #define P_DYNALINK 1
| #define P_HAS_PLUGINS 1
| #define P_DEFAULT_PLUGIN_DIR "/usr/local/lib/ptlib"
| #define P_HAS_RES_NINIT 1
| #define P_DNS 1
| #define P_HAS_SASL_SASL_H 1
| #define P_SASL2 1
| #define HAVE_OPENSSL_SSL_H 1
| #define P_SSL 1
| #define HAVE_OPENSSL_AES_H 1
| #define P_SSL_AES 1
| #define P_SSL_USE_CONST 1
| #define P_VXML 1
| #define P_JABBER 1
| #define P_XMLRPC 1
| #define P_SOAP 1
| #define P_TTS 1
| #define P_HAS_IPV6 1
| #define P_HAS_QOS 1
| #define P_VIDEO 1
| #define P_ASN 1
| #define P_STUN 1
| #define P_PIPECHAN 1
| #define P_DTMF 1
| #define P_WAVFILE 1
| #define P_SOCKS 1
| #define P_FTP 1
| #define P_SNMP 1
| #define P_TELNET 1
| #define P_SERIAL 1
| #define P_POP3SMTP 1
| #define P_HTTP 1
| #define P_HTTPSVC 1
| #define P_CONFIG_FILE 1
| #define P_VIDFILE 1
| #define P_AUDIO 1
| #define USE_SYSTEM_SWAB
| /* end confdefs.h.  */
| #include <stdio.h>
| #if HAVE_SYS_TYPES_H
| # include <sys/types.h>
| #endif
| #if HAVE_SYS_STAT_H
| # include <sys/stat.h>
| #endif
| #if STDC_HEADERS
| # include <stdlib.h>
| # include <stddef.h>
| #else
| # if HAVE_STDLIB_H
| #  include <stdlib.h>
| # endif
| #endif
| #if HAVE_STRING_H
| # if !STDC_HEADERS && HAVE_MEMORY_H
| #  include <memory.h>
| # endif
| # include <string.h>
| #endif
| #if HAVE_STRINGS_H
| # include <strings.h>
| #endif
| #if HAVE_INTTYPES_H
| # include <inttypes.h>
| #else
| # if HAVE_STDINT_H
| #  include <stdint.h>
| # endif
| #endif
| #if HAVE_UNISTD_H
| # include <unistd.h>
| #endif
| #include <sql.h>
configure:9673: result: no
configure:9677: checking sql.h presence
configure:9687: g++ -E  conftest.cc
conftest.cc:82:17: error: sql.h: No such file or directory
configure:9693: $? = 1
configure: failed program was:
| /* confdefs.h.  */
| 
| #define PACKAGE_NAME ""
| #define PACKAGE_TARNAME ""
| #define PACKAGE_VERSION ""
| #define PACKAGE_STRING ""
| #define PACKAGE_BUGREPORT ""
| #ifdef __cplusplus
| extern "C" void exit (int) throw ();
| #endif
| #define PTLIB_MAJOR 2
| #define PTLIB_MINOR 0
| #define PTLIB_BUILD 1
| #define PTLIB_VERSION "2.0.1"
| #define P_LINUX "2.6.29.6-smp"
| #define PHAS_TEMPLATES 1
| #define P_PTHREADS 1
| #define P_SHAREDLIBEXT $SHAREDLIBEXT
| #define PBYTE_ORDER PLITTLE_ENDIAN
| #define STDC_HEADERS 1
| #define HAVE_SYS_TYPES_H 1
| #define HAVE_SYS_STAT_H 1
| #define HAVE_STDLIB_H 1
| #define HAVE_STRING_H 1
| #define HAVE_MEMORY_H 1
| #define HAVE_STRINGS_H 1
| #define HAVE_INTTYPES_H 1
| #define HAVE_STDINT_H 1
| #define HAVE_UNISTD_H 1
| #define SIZEOF_INT 4
| #define HAVE_LONG_DOUBLE 1
| #define P_HAS_POSIX_READDIR_R 3
| #define P_HAS_RECVMSG 1
| #define P_HAS_STL_STREAMS 1
| #define P_HAS_ATOMIC_INT 1
| #define P_NEEDS_GNU_CXX_NAMESPACE 1
| #define P_HAS_SEMAPHORES 1
| #define P_PTHREADS_XPG6 1
| #define P_HAS_SEMAPHORES_XPG6 1
| #define P_HAS_RECURSIVE_MUTEX 1
| #define HAVE_REGEX_H 1
| #define P_REGEX 1
| #define HAVE_DLFCN_H 1
| #define P_DYNALINK 1
| #define P_HAS_PLUGINS 1
| #define P_DEFAULT_PLUGIN_DIR "/usr/local/lib/ptlib"
| #define P_HAS_RES_NINIT 1
| #define P_DNS 1
| #define P_HAS_SASL_SASL_H 1
| #define P_SASL2 1
| #define HAVE_OPENSSL_SSL_H 1
| #define P_SSL 1
| #define HAVE_OPENSSL_AES_H 1
| #define P_SSL_AES 1
| #define P_SSL_USE_CONST 1
| #define P_VXML 1
| #define P_JABBER 1
| #define P_XMLRPC 1
| #define P_SOAP 1
| #define P_TTS 1
| #define P_HAS_IPV6 1
| #define P_HAS_QOS 1
| #define P_VIDEO 1
| #define P_ASN 1
| #define P_STUN 1
| #define P_PIPECHAN 1
| #define P_DTMF 1
| #define P_WAVFILE 1
| #define P_SOCKS 1
| #define P_FTP 1
| #define P_SNMP 1
| #define P_TELNET 1
| #define P_SERIAL 1
| #define P_POP3SMTP 1
| #define P_HTTP 1
| #define P_HTTPSVC 1
| #define P_CONFIG_FILE 1
| #define P_VIDFILE 1
| #define P_AUDIO 1
| #define USE_SYSTEM_SWAB
| /* end confdefs.h.  */
| #include <sql.h>
configure:9713: result: no
configure:9748: checking for sql.h
configure:9755: result: no
configure:9840: checking for /usr/local/include/sql.h
configure:9855: result: no
configure:9910: C++ exceptions disabled
configure:9943: checking for a BSD-compatible install
configure:9998: result: /usr/bin/ginstall -c
configure:10116: creating ./config.status

## ---------------------- ##
## Running config.status. ##
## ---------------------- ##

This file was extended by config.status, which was
generated by GNU Autoconf 2.59.  Invocation command line was

  CONFIG_FILES    = 
  CONFIG_HEADERS  = 
  CONFIG_LINKS    = 
  CONFIG_COMMANDS = 
  $ ./config.status 

on darkstar

config.status:729: creating make/ptbuildopts.mak
config.status:729: creating make/ptlib-config
config.status:729: creating Makefile
config.status:837: creating include/ptbuildopts.h
configure:11267: configuring in plugins
configure:11384: running /bin/sh './configure' --prefix=/usr/local  '--enable-shared' --cache-file=/dev/null --srcdir=.

## ---------------- ##
## Cache variables. ##
## ---------------- ##

ac_cv_build=i686-pc-linux-gnu
ac_cv_build_alias=i686-pc-linux-gnu
ac_cv_c_bigendian=no
ac_cv_c_long_double=yes
ac_cv_cxx_compiler_gnu=yes
ac_cv_env_CPPFLAGS_set=
ac_cv_env_CPPFLAGS_value=
ac_cv_env_CXXCPP_set=
ac_cv_env_CXXCPP_value=
ac_cv_env_CXXFLAGS_set=
ac_cv_env_CXXFLAGS_value=
ac_cv_env_CXX_set=
ac_cv_env_CXX_value=
ac_cv_env_LDFLAGS_set=
ac_cv_env_LDFLAGS_value=
ac_cv_env_build_alias_set=
ac_cv_env_build_alias_value=
ac_cv_env_host_alias_set=
ac_cv_env_host_alias_value=
ac_cv_env_target_alias_set=
ac_cv_env_target_alias_value=
ac_cv_exeext=
ac_cv_file__usr_local_include_expat_h=no
ac_cv_file__usr_local_include_ldap_h=no
ac_cv_file__usr_local_include_sql_h=no
ac_cv_func_regcomp=yes
ac_cv_func_res_ninit=no
ac_cv_func_swab=yes
ac_cv_header_SDL11_SDL_h=no
ac_cv_header_SDL_SDL_h=no
ac_cv_header_dlfcn_h=yes
ac_cv_header_expat_h=no
ac_cv_header_inttypes_h=yes
ac_cv_header_ldap_h=no
ac_cv_header_linux_videodev_h=yes
ac_cv_header_memory_h=yes
ac_cv_header_openssl_aes_h=yes
ac_cv_header_openssl_ssl_h=yes
ac_cv_header_regex_h=yes
ac_cv_header_sql_h=no
ac_cv_header_stdc=yes
ac_cv_header_stdint_h=yes
ac_cv_header_stdlib_h=yes
ac_cv_header_string_h=yes
ac_cv_header_strings_h=yes
ac_cv_header_sys_stat_h=yes
ac_cv_header_sys_types_h=yes
ac_cv_header_unistd_h=yes
ac_cv_host=i686-pc-linux-gnu
ac_cv_host_alias=i686-pc-linux-gnu
ac_cv_lib_dl_dlopen=yes
ac_cv_lib_mlib_mlib_VideoColorJFIFYCC2RGB420_Nearest=no
ac_cv_lib_pthread_pthread_create=yes
ac_cv_lib_pthread_sem_timedwait=yes
ac_cv_objext=o
ac_cv_path_AR=/usr/bin/ar
ac_cv_path_BISON=/usr/local/bin/bison
ac_cv_path_FLEX=/usr/local/bin/flex
ac_cv_path_install='/usr/bin/ginstall -c'
ac_cv_prog_CXXCPP='g++ -E'
ac_cv_prog_ac_ct_CXX=g++
ac_cv_prog_cxx_g=yes
ac_cv_prog_egrep='grep -E'
ac_cv_sizeof_int=4
ac_cv_target=i686-pc-linux-gnu
ac_cv_target_alias=i686-pc-linux-gnu
ac_cv_type_int=yes

## ----------------- ##
## Output variables. ##
## ----------------- ##

AR='/usr/bin/ar'
BISON='/usr/local/bin/bison'
BUILD_NUMBER='1'
BUILD_TYPE='.'
CPPFLAGS=''
CXX='g++'
CXXCPP='g++ -E'
CXXFLAGS='-g -O2'
DEBUG_FLAG='-g3 -ggdb -O0'
DEFS='-DHAVE_CONFIG_H'
ECHO_C=''
ECHO_N='-n'
ECHO_T=''
EGREP='grep -E'
ENDLDLIBS=' -lpthread -lsasl2 -lssl -lcrypto -lresolv -ldl'
EXEEXT=''
FLEX='/usr/local/bin/flex'
HAS_ALSA=''
HAS_ASN='1'
HAS_AUDIO='1'
HAS_CONFIG_FILE='1'
HAS_DTMF='1'
HAS_EXPAT=''
HAS_FTP='1'
HAS_HTTP='1'
HAS_HTTPSVC='1'
HAS_IPV6='1'
HAS_JABBER='1'
HAS_ODBC=''
HAS_OPENLDAP=''
HAS_OPENSSL='1'
HAS_OSS=''
HAS_PIPECHAN='1'
HAS_PLUGINS='1'
HAS_POP3SMTP='1'
HAS_REGEX='1'
HAS_REMCONN=''
HAS_RESOLVER='1'
HAS_SASL2='1'
HAS_SASL=''
HAS_SDL=''
HAS_SERIAL='1'
HAS_SNMP='1'
HAS_SOAP='1'
HAS_SOCKAGG=''
HAS_SOCKS='1'
HAS_STUN='1'
HAS_TELNET='1'
HAS_TTS='1'
HAS_VIDEO='1'
HAS_VIDEO_CAPTURE='1'
HAS_VIDFILE='1'
HAS_VXML='1'
HAS_WAVFILE='1'
HAS_XMLRPC='1'
INSTALLPREFIX='/usr/local'
INSTALL_DATA='${INSTALL} -m 644'
INSTALL_PROGRAM='${INSTALL}'
INSTALL_SCRIPT='${INSTALL}'
LDFLAGS=''
LIBDIR='${exec_prefix}/lib'
LIBOBJS=''
LIBS=''
LTLIBOBJS=''
MACHTYPE='x86'
MAJOR_VERSION='2'
MINOR_VERSION='0'
OBJEXT='o'
OPTSTDCCFLAGS=''
OSRELEASE='"2.6.29.6-smp"'
OSTYPE='linux'
PACKAGE_BUGREPORT=''
PACKAGE_NAME=''
PACKAGE_STRING=''
PACKAGE_TARNAME=''
PACKAGE_VERSION=''
PATH_SEPARATOR=':'
PTINSTDIR=''
PTLIBDIR='/root/openmcu/ptlib'
PTLIB_VERSION='2.0.1'
P_STATIC_ENDLDLIBS=''
P_STATIC_LDFLAGS=''
SHAREDLIBEXT='so'
SHELL='/bin/sh'
STDCCFLAGS=' -D_REENTRANT -fno-exceptions'
STDCXXFLAGS=' -felide-constructors -Wreorder'
TARGETDIR='unix'
USE_GCC='yes'
USE_PCH='1'
USE_SHM_VIDEO_DEVICES='1'
ac_ct_CXX='g++'
bindir='${exec_prefix}/bin'
build='i686-pc-linux-gnu'
build_alias=''
build_cpu='i686'
build_os='linux-gnu'
build_vendor='pc'
datadir='${prefix}/share'
exec_prefix='${prefix}'
host='i686-pc-linux-gnu'
host_alias=''
host_cpu='i686'
host_os='linux-gnu'
host_vendor='pc'
includedir='${prefix}/include'
infodir='${prefix}/info'
libdir='${exec_prefix}/lib'
libexecdir='${exec_prefix}/libexec'
localstatedir='${prefix}/var'
mandir='${prefix}/man'
oldincludedir='/usr/include'
prefix='/usr/local'
program_transform_name='s,x,x,'
sbindir='${exec_prefix}/sbin'
sharedstatedir='${prefix}/com'
subdirs=' plugins'
sysconfdir='${prefix}/etc'
target='i686-pc-linux-gnu'
target_alias=''
target_cpu='i686'
target_os='linux-gnu'
target_vendor='pc'

## ----------- ##
## confdefs.h. ##
## ----------- ##

#define HAVE_DLFCN_H 1
#define HAVE_INTTYPES_H 1
#define HAVE_LONG_DOUBLE 1
#define HAVE_MEMORY_H 1
#define HAVE_OPENSSL_AES_H 1
#define HAVE_OPENSSL_SSL_H 1
#define HAVE_REGEX_H 1
#define HAVE_STDINT_H 1
#define HAVE_STDLIB_H 1
#define HAVE_STRINGS_H 1
#define HAVE_STRING_H 1
#define HAVE_SYS_STAT_H 1
#define HAVE_SYS_TYPES_H 1
#define HAVE_UNISTD_H 1
#define PACKAGE_BUGREPORT ""
#define PACKAGE_NAME ""
#define PACKAGE_STRING ""
#define PACKAGE_TARNAME ""
#define PACKAGE_VERSION ""
#define PBYTE_ORDER PLITTLE_ENDIAN
#define PHAS_TEMPLATES 1
#define PTLIB_BUILD 1
#define PTLIB_MAJOR 2
#define PTLIB_MINOR 0
#define PTLIB_VERSION "2.0.1"
#define P_ASN 1
#define P_AUDIO 1
#define P_CONFIG_FILE 1
#define P_DEFAULT_PLUGIN_DIR "/usr/local/lib/ptlib"
#define P_DNS 1
#define P_DTMF 1
#define P_DYNALINK 1
#define P_FTP 1
#define P_HAS_ATOMIC_INT 1
#define P_HAS_IPV6 1
#define P_HAS_PLUGINS 1
#define P_HAS_POSIX_READDIR_R 3
#define P_HAS_QOS 1
#define P_HAS_RECURSIVE_MUTEX 1
#define P_HAS_RECVMSG 1
#define P_HAS_RES_NINIT 1
#define P_HAS_SASL_SASL_H 1
#define P_HAS_SEMAPHORES 1
#define P_HAS_SEMAPHORES_XPG6 1
#define P_HAS_STL_STREAMS 1
#define P_HTTP 1
#define P_HTTPSVC 1
#define P_JABBER 1
#define P_LINUX "2.6.29.6-smp"
#define P_NEEDS_GNU_CXX_NAMESPACE 1
#define P_PIPECHAN 1
#define P_POP3SMTP 1
#define P_PTHREADS 1
#define P_PTHREADS_XPG6 1
#define P_REGEX 1
#define P_SASL2 1
#define P_SERIAL 1
#define P_SHAREDLIBEXT $SHAREDLIBEXT
#define P_SNMP 1
#define P_SOAP 1
#define P_SOCKS 1
#define P_SSL 1
#define P_SSL_AES 1
#define P_SSL_USE_CONST 1
#define P_STUN 1
#define P_TELNET 1
#define P_TTS 1
#define P_VIDEO 1
#define P_VIDFILE 1
#define P_VXML 1
#define P_WAVFILE 1
#define P_XMLRPC 1
#define SIZEOF_INT 4
#define STDC_HEADERS 1
#define USE_SYSTEM_SWAB
#endif
#ifdef __cplusplus
extern "C" void exit (int) throw ();

configure: exit 0
