This file contains any messages produced by compilers while
running configure, to aid debugging if configure makes a mistake.

It was created by configure, which was
generated by GNU Autoconf 2.59.  Invocation command line was

  $ ./configure 

## --------- ##
## Platform. ##
## --------- ##

hostname = darkstar
uname -m = i686
uname -r = 2.6.29.6-smp
uname -s = Linux
uname -v = #2 SMP Mon Aug 17 00:52:54 CDT 2009

/usr/bin/uname -p = AMD Phenom(tm) II X2 545 Processor
/bin/uname -X     = unknown

/bin/arch              = i686
/usr/bin/arch -k       = unknown
/usr/convex/getsysinfo = unknown
hostinfo               = unknown
/bin/machine           = unknown
/usr/bin/oslevel       = unknown
/bin/universe          = unknown

PATH: /usr/local/sbin
PATH: /usr/sbin
PATH: /sbin
PATH: /usr/local/bin
PATH: /usr/bin
PATH: /bin
PATH: /usr/games


## ----------- ##
## Core tests. ##
## ----------- ##

configure:1374: checking for g++
configure:1390: found /usr/bin/g++
configure:1400: result: g++
configure:1416: checking for C++ compiler version
configure:1419: g++ --version </dev/null >&5
g++ (GCC) 4.3.3
Copyright (C) 2008 Free Software Foundation, Inc.
This is free software; see the source for copying conditions.  There is NO
warranty; not even for MERCHANTABILITY or FITNESS FOR A PARTICULAR PURPOSE.

configure:1422: $? = 0
configure:1424: g++ -v </dev/null >&5
Reading specs from /usr/lib/gcc/i486-slackware-linux/4.3.3/specs
Target: i486-slackware-linux
Configured with: ../gcc-4.3.3/configure --prefix=/usr --libdir=/usr/lib --enable-shared --enable-bootstrap --enable-languages=ada,c,c++,fortran,java,objc --enable-threads=posix --enable-checking=release --with-system-zlib --disable-libunwind-exceptions --enable-__cxa_atexit --enable-libssp --with-gnu-ld --verbose --with-arch=i486 --target=i486-slackware-linux --build=i486-slackware-linux --host=i486-slackware-linux
Thread model: posix
gcc version 4.3.3 (GCC) 
configure:1427: $? = 0
configure:1429: g++ -V </dev/null >&5
g++: '-V' option must have argument
configure:1432: $? = 1
configure:1455: checking for C++ compiler default output file name
configure:1458: g++    conftest.cc  >&5
configure:1461: $? = 0
configure:1507: result: a.out
configure:1512: checking whether the C++ compiler works
configure:1518: ./a.out
configure:1521: $? = 0
configure:1538: result: yes
configure:1545: checking whether we are cross compiling
configure:1547: result: no
configure:1550: checking for suffix of executables
configure:1552: g++ -o conftest    conftest.cc  >&5
configure:1555: $? = 0
configure:1580: result: 
configure:1586: checking for suffix of object files
configure:1607: g++ -c   conftest.cc >&5
configure:1610: $? = 0
configure:1632: result: o
configure:1636: checking whether we are using the GNU C++ compiler
configure:1660: g++ -c   conftest.cc >&5
configure:1666: $? = 0
configure:1670: test -z 
			 || test ! -s conftest.err
configure:1673: $? = 0
configure:1676: test -s conftest.o
configure:1679: $? = 0
configure:1692: result: yes
configure:1698: checking whether g++ accepts -g
configure:1719: g++ -c -g  conftest.cc >&5
configure:1725: $? = 0
configure:1729: test -z 
			 || test ! -s conftest.err
configure:1732: $? = 0
configure:1735: test -s conftest.o
configure:1738: $? = 0
configure:1749: result: yes
configure:1791: g++ -c -g -O2  conftest.cc >&5
configure:1797: $? = 0
configure:1801: test -z 
			 || test ! -s conftest.err
configure:1804: $? = 0
configure:1807: test -s conftest.o
configure:1810: $? = 0
configure:1836: g++ -c -g -O2  conftest.cc >&5
conftest.cc: In function 'int main()':
conftest.cc:13: error: 'exit' was not declared in this scope
configure:1842: $? = 1
configure: failed program was:
| /* confdefs.h.  */
| 
| #define PACKAGE_NAME ""
| #define PACKAGE_TARNAME ""
| #define PACKAGE_VERSION ""
| #define PACKAGE_STRING ""
| #define PACKAGE_BUGREPORT ""
| /* end confdefs.h.  */
| 
| int
| main ()
| {
| exit (42);
|   ;
|   return 0;
| }
configure:1791: g++ -c -g -O2  conftest.cc >&5
conftest.cc:9: error: 'void std::exit(int)' should have been declared inside 'std'
configure:1797: $? = 1
configure: failed program was:
| /* confdefs.h.  */
| 
| #define PACKAGE_NAME ""
| #define PACKAGE_TARNAME ""
| #define PACKAGE_VERSION ""
| #define PACKAGE_STRING ""
| #define PACKAGE_BUGREPORT ""
| /* end confdefs.h.  */
| extern "C" void std::exit (int) throw (); using std::exit;
| #include <stdlib.h>
| int
| main ()
| {
| exit (42);
|   ;
|   return 0;
| }
configure:1791: g++ -c -g -O2  conftest.cc >&5
conftest.cc:9: error: 'void std::exit(int)' should have been declared inside 'std'
In file included from conftest.cc:10:
/usr/include/stdlib.h:531: error: declaration of 'void std::exit(int) throw ()' throws different exceptions
conftest.cc:9: error: from previous declaration 'void std::exit(int)'
configure:1797: $? = 1
configure: failed program was:
| /* confdefs.h.  */
| 
| #define PACKAGE_NAME ""
| #define PACKAGE_TARNAME ""
| #define PACKAGE_VERSION ""
| #define PACKAGE_STRING ""
| #define PACKAGE_BUGREPORT ""
| /* end confdefs.h.  */
| extern "C" void std::exit (int); using std::exit;
| #include <stdlib.h>
| int
| main ()
| {
| exit (42);
|   ;
|   return 0;
| }
configure:1791: g++ -c -g -O2  conftest.cc >&5
configure:1797: $? = 0
configure:1801: test -z 
			 || test ! -s conftest.err
configure:1804: $? = 0
configure:1807: test -s conftest.o
configure:1810: $? = 0
configure:1836: g++ -c -g -O2  conftest.cc >&5
configure:1842: $? = 0
configure:1846: test -z 
			 || test ! -s conftest.err
configure:1849: $? = 0
configure:1852: test -s conftest.o
configure:1855: $? = 0
configure:1924: checking for gcc
configure:1940: found /usr/bin/gcc
configure:1950: result: gcc
configure:2194: checking for C compiler version
configure:2197: gcc --version </dev/null >&5
gcc (GCC) 4.3.3
Copyright (C) 2008 Free Software Foundation, Inc.
This is free software; see the source for copying conditions.  There is NO
warranty; not even for MERCHANTABILITY or FITNESS FOR A PARTICULAR PURPOSE.

configure:2200: $? = 0
configure:2202: gcc -v </dev/null >&5
Reading specs from /usr/lib/gcc/i486-slackware-linux/4.3.3/specs
Target: i486-slackware-linux
Configured with: ../gcc-4.3.3/configure --prefix=/usr --libdir=/usr/lib --enable-shared --enable-bootstrap --enable-languages=ada,c,c++,fortran,java,objc --enable-threads=posix --enable-checking=release --with-system-zlib --disable-libunwind-exceptions --enable-__cxa_atexit --enable-libssp --with-gnu-ld --verbose --with-arch=i486 --target=i486-slackware-linux --build=i486-slackware-linux --host=i486-slackware-linux
Thread model: posix
gcc version 4.3.3 (GCC) 
configure:2205: $? = 0
configure:2207: gcc -V </dev/null >&5
gcc: '-V' option must have argument
configure:2210: $? = 1
configure:2213: checking whether we are using the GNU C compiler
configure:2237: gcc -c   conftest.c >&5
configure:2243: $? = 0
configure:2247: test -z 
			 || test ! -s conftest.err
configure:2250: $? = 0
configure:2253: test -s conftest.o
configure:2256: $? = 0
configure:2269: result: yes
configure:2275: checking whether gcc accepts -g
configure:2296: gcc -c -g  conftest.c >&5
configure:2302: $? = 0
configure:2306: test -z 
			 || test ! -s conftest.err
configure:2309: $? = 0
configure:2312: test -s conftest.o
configure:2315: $? = 0
configure:2326: result: yes
configure:2343: checking for gcc option to accept ANSI C
configure:2413: gcc  -c -g -O2  conftest.c >&5
configure:2419: $? = 0
configure:2423: test -z 
			 || test ! -s conftest.err
configure:2426: $? = 0
configure:2429: test -s conftest.o
configure:2432: $? = 0
configure:2450: result: none needed
configure:2468: gcc -c -g -O2  conftest.c >&5
conftest.c:2: error: expected '=', ',', ';', 'asm' or '__attribute__' before 'me'
configure:2474: $? = 1
configure: failed program was:
| #ifndef __cplusplus
|   choke me
| #endif
configure:2613: checking how to run the C preprocessor
configure:2648: gcc -E  conftest.c
configure:2654: $? = 0
configure:2686: gcc -E  conftest.c
conftest.c:12:28: error: ac_nonexistent.h: No such file or directory
configure:2692: $? = 1
configure: failed program was:
| /* confdefs.h.  */
| 
| #define PACKAGE_NAME ""
| #define PACKAGE_TARNAME ""
| #define PACKAGE_VERSION ""
| #define PACKAGE_STRING ""
| #define PACKAGE_BUGREPORT ""
| #ifdef __cplusplus
| extern "C" void exit (int) throw ();
| #endif
| /* end confdefs.h.  */
| #include <ac_nonexistent.h>
configure:2731: result: gcc -E
configure:2755: gcc -E  conftest.c
configure:2761: $? = 0
configure:2793: gcc -E  conftest.c
conftest.c:12:28: error: ac_nonexistent.h: No such file or directory
configure:2799: $? = 1
configure: failed program was:
| /* confdefs.h.  */
| 
| #define PACKAGE_NAME ""
| #define PACKAGE_TARNAME ""
| #define PACKAGE_VERSION ""
| #define PACKAGE_STRING ""
| #define PACKAGE_BUGREPORT ""
| #ifdef __cplusplus
| extern "C" void exit (int) throw ();
| #endif
| /* end confdefs.h.  */
| #include <ac_nonexistent.h>
configure:2843: checking for egrep
configure:2853: result: grep -E
configure:2858: checking for ANSI C header files
configure:2883: gcc -c -g -O2  conftest.c >&5
configure:2889: $? = 0
configure:2893: test -z 
			 || test ! -s conftest.err
configure:2896: $? = 0
configure:2899: test -s conftest.o
configure:2902: $? = 0
configure:2991: gcc -o conftest -g -O2   conftest.c  >&5
conftest.c: In function 'main':
conftest.c:29: warning: incompatible implicit declaration of built-in function 'exit'
configure:2994: $? = 0
configure:2996: ./conftest
configure:2999: $? = 0
configure:3014: result: yes
configure:3069: checking build system type
configure:3087: result: i686-pc-linux-gnu
configure:3095: checking host system type
configure:3109: result: i686-pc-linux-gnu
configure:3117: checking target system type
configure:3131: result: i686-pc-linux-gnu
configure:3171: Enabling GSM-AMR plugin
configure:3199: checking for gsm_create in -lgsm
configure:3229: gcc -o conftest -g -O2   conftest.c -lgsm   >&5
/usr/lib/gcc/i486-slackware-linux/4.3.3/../../../../i486-slackware-linux/bin/ld: cannot find -lgsm
collect2: ld returned 1 exit status
configure:3235: $? = 1
configure: failed program was:
| /* confdefs.h.  */
| 
| #define PACKAGE_NAME ""
| #define PACKAGE_TARNAME ""
| #define PACKAGE_VERSION ""
| #define PACKAGE_STRING ""
| #define PACKAGE_BUGREPORT ""
| #ifdef __cplusplus
| extern "C" void exit (int) throw ();
| #endif
| #define STDC_HEADERS 1
| /* end confdefs.h.  */
| 
| /* Override any gcc2 internal prototype to avoid an error.  */
| #ifdef __cplusplus
| extern "C"
| #endif
| /* We use char because int might match the return type of a gcc2
|    builtin and then its argument prototype would still apply.  */
| char gsm_create ();
| int
| main ()
| {
| gsm_create ();
|   ;
|   return 0;
| }
configure:3261: result: no
configure:3355: checking for sys/types.h
configure:3371: gcc -c -g -O2  conftest.c >&5
configure:3377: $? = 0
configure:3381: test -z 
			 || test ! -s conftest.err
configure:3384: $? = 0
configure:3387: test -s conftest.o
configure:3390: $? = 0
configure:3401: result: yes
configure:3355: checking for sys/stat.h
configure:3371: gcc -c -g -O2  conftest.c >&5
configure:3377: $? = 0
configure:3381: test -z 
			 || test ! -s conftest.err
configure:3384: $? = 0
configure:3387: test -s conftest.o
configure:3390: $? = 0
configure:3401: result: yes
configure:3355: checking for stdlib.h
configure:3371: gcc -c -g -O2  conftest.c >&5
configure:3377: $? = 0
configure:3381: test -z 
			 || test ! -s conftest.err
configure:3384: $? = 0
configure:3387: test -s conftest.o
configure:3390: $? = 0
configure:3401: result: yes
configure:3355: checking for string.h
configure:3371: gcc -c -g -O2  conftest.c >&5
configure:3377: $? = 0
configure:3381: test -z 
			 || test ! -s conftest.err
configure:3384: $? = 0
configure:3387: test -s conftest.o
configure:3390: $? = 0
configure:3401: result: yes
configure:3355: checking for memory.h
configure:3371: gcc -c -g -O2  conftest.c >&5
configure:3377: $? = 0
configure:3381: test -z 
			 || test ! -s conftest.err
configure:3384: $? = 0
configure:3387: test -s conftest.o
configure:3390: $? = 0
configure:3401: result: yes
configure:3355: checking for strings.h
configure:3371: gcc -c -g -O2  conftest.c >&5
configure:3377: $? = 0
configure:3381: test -z 
			 || test ! -s conftest.err
configure:3384: $? = 0
configure:3387: test -s conftest.o
configure:3390: $? = 0
configure:3401: result: yes
configure:3355: checking for inttypes.h
configure:3371: gcc -c -g -O2  conftest.c >&5
configure:3377: $? = 0
configure:3381: test -z 
			 || test ! -s conftest.err
configure:3384: $? = 0
configure:3387: test -s conftest.o
configure:3390: $? = 0
configure:3401: result: yes
configure:3355: checking for stdint.h
configure:3371: gcc -c -g -O2  conftest.c >&5
configure:3377: $? = 0
configure:3381: test -z 
			 || test ! -s conftest.err
configure:3384: $? = 0
configure:3387: test -s conftest.o
configure:3390: $? = 0
configure:3401: result: yes
configure:3355: checking for unistd.h
configure:3371: gcc -c -g -O2  conftest.c >&5
configure:3377: $? = 0
configure:3381: test -z 
			 || test ! -s conftest.err
configure:3384: $? = 0
configure:3387: test -s conftest.o
configure:3390: $? = 0
configure:3401: result: yes
configure:3413: checking for short
configure:3437: gcc -c -g -O2  conftest.c >&5
configure:3443: $? = 0
configure:3447: test -z 
			 || test ! -s conftest.err
configure:3450: $? = 0
configure:3453: test -s conftest.o
configure:3456: $? = 0
configure:3467: result: yes
configure:3470: checking size of short
configure:3789: gcc -o conftest -g -O2   conftest.c  >&5
configure:3792: $? = 0
configure:3794: ./conftest
configure:3797: $? = 0
configure:3820: result: 2
configure:3827: checking for int
configure:3851: gcc -c -g -O2  conftest.c >&5
configure:3857: $? = 0
configure:3861: test -z 
			 || test ! -s conftest.err
configure:3864: $? = 0
configure:3867: test -s conftest.o
configure:3870: $? = 0
configure:3881: result: yes
configure:3884: checking size of int
configure:4203: gcc -o conftest -g -O2   conftest.c  >&5
configure:4206: $? = 0
configure:4208: ./conftest
configure:4211: $? = 0
configure:4234: result: 4
configure:4241: checking for long
configure:4265: gcc -c -g -O2  conftest.c >&5
configure:4271: $? = 0
configure:4275: test -z 
			 || test ! -s conftest.err
configure:4278: $? = 0
configure:4281: test -s conftest.o
configure:4284: $? = 0
configure:4295: result: yes
configure:4298: checking size of long
configure:4617: gcc -o conftest -g -O2   conftest.c  >&5
configure:4620: $? = 0
configure:4622: ./conftest
configure:4625: $? = 0
configure:4648: result: 4
configure:4655: checking for long long
configure:4679: gcc -c -g -O2  conftest.c >&5
configure:4685: $? = 0
configure:4689: test -z 
			 || test ! -s conftest.err
configure:4692: $? = 0
configure:4695: test -s conftest.o
configure:4698: $? = 0
configure:4709: result: yes
configure:4712: checking size of long long
configure:5031: gcc -o conftest -g -O2   conftest.c  >&5
configure:5034: $? = 0
configure:5036: ./conftest
configure:5039: $? = 0
configure:5062: result: 8
configure:5105: checking for speex_encoder_destroy in -lspeex
configure:5135: gcc -o conftest -g -O2   conftest.c -lspeex   >&5
/usr/lib/gcc/i486-slackware-linux/4.3.3/../../../../i486-slackware-linux/bin/ld: cannot find -lspeex
collect2: ld returned 1 exit status
configure:5141: $? = 1
configure: failed program was:
| /* confdefs.h.  */
| 
| #define PACKAGE_NAME ""
| #define PACKAGE_TARNAME ""
| #define PACKAGE_VERSION ""
| #define PACKAGE_STRING ""
| #define PACKAGE_BUGREPORT ""
| #ifdef __cplusplus
| extern "C" void exit (int) throw ();
| #endif
| #define STDC_HEADERS 1
| #define H323_SYSTEM_GSM 0
| #define HAVE_SYS_TYPES_H 1
| #define HAVE_SYS_STAT_H 1
| #define HAVE_STDLIB_H 1
| #define HAVE_STRING_H 1
| #define HAVE_MEMORY_H 1
| #define HAVE_STRINGS_H 1
| #define HAVE_INTTYPES_H 1
| #define HAVE_STDINT_H 1
| #define HAVE_UNISTD_H 1
| #define SIZEOF_SHORT 2
| #define SIZEOF_INT 4
| #define SIZEOF_LONG 4
| #define SIZEOF_LONG_LONG 8
| /* end confdefs.h.  */
| 
| /* Override any gcc2 internal prototype to avoid an error.  */
| #ifdef __cplusplus
| extern "C"
| #endif
| /* We use char because int might match the return type of a gcc2
|    builtin and then its argument prototype would still apply.  */
| char speex_encoder_destroy ();
| int
| main ()
| {
| speex_encoder_destroy ();
|   ;
|   return 0;
| }
configure:5167: result: no
configure:5174: Forcing use of local Speex library
configure:5275: checking linux/telephony.h usability
configure:5287: gcc -c -g -O2  conftest.c >&5
configure:5293: $? = 0
configure:5297: test -z 
			 || test ! -s conftest.err
configure:5300: $? = 0
configure:5303: test -s conftest.o
configure:5306: $? = 0
configure:5316: result: yes
configure:5320: checking linux/telephony.h presence
configure:5330: gcc -E  conftest.c
configure:5336: $? = 0
configure:5356: result: yes
configure:5391: checking for linux/telephony.h
configure:5398: result: yes
configure:5275: checking sys/telephony.h usability
configure:5287: gcc -c -g -O2  conftest.c >&5
conftest.c:62:27: error: sys/telephony.h: No such file or directory
configure:5293: $? = 1
configure: failed program was:
| /* confdefs.h.  */
| 
| #define PACKAGE_NAME ""
| #define PACKAGE_TARNAME ""
| #define PACKAGE_VERSION ""
| #define PACKAGE_STRING ""
| #define PACKAGE_BUGREPORT ""
| #ifdef __cplusplus
| extern "C" void exit (int) throw ();
| #endif
| #define STDC_HEADERS 1
| #define H323_SYSTEM_GSM 0
| #define HAVE_SYS_TYPES_H 1
| #define HAVE_SYS_STAT_H 1
| #define HAVE_STDLIB_H 1
| #define HAVE_STRING_H 1
| #define HAVE_MEMORY_H 1
| #define HAVE_STRINGS_H 1
| #define HAVE_INTTYPES_H 1
| #define HAVE_STDINT_H 1
| #define HAVE_UNISTD_H 1
| #define SIZEOF_SHORT 2
| #define SIZEOF_INT 4
| #define SIZEOF_LONG 4
| #define SIZEOF_LONG_LONG 8
| #define HAVE_LINUX_TELEPHONY_H 1
| /* end confdefs.h.  */
| #include <stdio.h>
| #if HAVE_SYS_TYPES_H
| # include <sys/types.h>
| #endif
| #if HAVE_SYS_STAT_H
| # include <sys/stat.h>
| #endif
| #if STDC_HEADERS
| # include <stdlib.h>
| # include <stddef.h>
| #else
| # if HAVE_STDLIB_H
| #  include <stdlib.h>
| # endif
| #endif
| #if HAVE_STRING_H
| # if !STDC_HEADERS && HAVE_MEMORY_H
| #  include <memory.h>
| # endif
| # include <string.h>
| #endif
| #if HAVE_STRINGS_H
| # include <strings.h>
| #endif
| #if HAVE_INTTYPES_H
| # include <inttypes.h>
| #else
| # if HAVE_STDINT_H
| #  include <stdint.h>
| # endif
| #endif
| #if HAVE_UNISTD_H
| # include <unistd.h>
| #endif
| #include <sys/telephony.h>
configure:5316: result: no
configure:5320: checking sys/telephony.h presence
configure:5330: gcc -E  conftest.c
conftest.c:28:27: error: sys/telephony.h: No such file or directory
configure:5336: $? = 1
configure: failed program was:
| /* confdefs.h.  */
| 
| #define PACKAGE_NAME ""
| #define PACKAGE_TARNAME ""
| #define PACKAGE_VERSION ""
| #define PACKAGE_STRING ""
| #define PACKAGE_BUGREPORT ""
| #ifdef __cplusplus
| extern "C" void exit (int) throw ();
| #endif
| #define STDC_HEADERS 1
| #define H323_SYSTEM_GSM 0
| #define HAVE_SYS_TYPES_H 1
| #define HAVE_SYS_STAT_H 1
| #define HAVE_STDLIB_H 1
| #define HAVE_STRING_H 1
| #define HAVE_MEMORY_H 1
| #define HAVE_STRINGS_H 1
| #define HAVE_INTTYPES_H 1
| #define HAVE_STDINT_H 1
| #define HAVE_UNISTD_H 1
| #define SIZEOF_SHORT 2
| #define SIZEOF_INT 4
| #define SIZEOF_LONG 4
| #define SIZEOF_LONG_LONG 8
| #define HAVE_LINUX_TELEPHONY_H 1
| /* end confdefs.h.  */
| #include <sys/telephony.h>
configure:5356: result: no
configure:5391: checking for sys/telephony.h
configure:5398: result: no
configure:5275: checking /usr/local/include/sys/telephony.h usability
configure:5287: gcc -c -g -O2  conftest.c >&5
conftest.c:62:46: error: /usr/local/include/sys/telephony.h: No such file or directory
configure:5293: $? = 1
configure: failed program was:
| /* confdefs.h.  */
| 
| #define PACKAGE_NAME ""
| #define PACKAGE_TARNAME ""
| #define PACKAGE_VERSION ""
| #define PACKAGE_STRING ""
| #define PACKAGE_BUGREPORT ""
| #ifdef __cplusplus
| extern "C" void exit (int) throw ();
| #endif
| #define STDC_HEADERS 1
| #define H323_SYSTEM_GSM 0
| #define HAVE_SYS_TYPES_H 1
| #define HAVE_SYS_STAT_H 1
| #define HAVE_STDLIB_H 1
| #define HAVE_STRING_H 1
| #define HAVE_MEMORY_H 1
| #define HAVE_STRINGS_H 1
| #define HAVE_INTTYPES_H 1
| #define HAVE_STDINT_H 1
| #define HAVE_UNISTD_H 1
| #define SIZEOF_SHORT 2
| #define SIZEOF_INT 4
| #define SIZEOF_LONG 4
| #define SIZEOF_LONG_LONG 8
| #define HAVE_LINUX_TELEPHONY_H 1
| /* end confdefs.h.  */
| #include <stdio.h>
| #if HAVE_SYS_TYPES_H
| # include <sys/types.h>
| #endif
| #if HAVE_SYS_STAT_H
| # include <sys/stat.h>
| #endif
| #if STDC_HEADERS
| # include <stdlib.h>
| # include <stddef.h>
| #else
| # if HAVE_STDLIB_H
| #  include <stdlib.h>
| # endif
| #endif
| #if HAVE_STRING_H
| # if !STDC_HEADERS && HAVE_MEMORY_H
| #  include <memory.h>
| # endif
| # include <string.h>
| #endif
| #if HAVE_STRINGS_H
| # include <strings.h>
| #endif
| #if HAVE_INTTYPES_H
| # include <inttypes.h>
| #else
| # if HAVE_STDINT_H
| #  include <stdint.h>
| # endif
| #endif
| #if HAVE_UNISTD_H
| # include <unistd.h>
| #endif
| #include </usr/local/include/sys/telephony.h>
configure:5316: result: no
configure:5320: checking /usr/local/include/sys/telephony.h presence
configure:5330: gcc -E  conftest.c
conftest.c:28:46: error: /usr/local/include/sys/telephony.h: No such file or directory
configure:5336: $? = 1
configure: failed program was:
| /* confdefs.h.  */
| 
| #define PACKAGE_NAME ""
| #define PACKAGE_TARNAME ""
| #define PACKAGE_VERSION ""
| #define PACKAGE_STRING ""
| #define PACKAGE_BUGREPORT ""
| #ifdef __cplusplus
| extern "C" void exit (int) throw ();
| #endif
| #define STDC_HEADERS 1
| #define H323_SYSTEM_GSM 0
| #define HAVE_SYS_TYPES_H 1
| #define HAVE_SYS_STAT_H 1
| #define HAVE_STDLIB_H 1
| #define HAVE_STRING_H 1
| #define HAVE_MEMORY_H 1
| #define HAVE_STRINGS_H 1
| #define HAVE_INTTYPES_H 1
| #define HAVE_STDINT_H 1
| #define HAVE_UNISTD_H 1
| #define SIZEOF_SHORT 2
| #define SIZEOF_INT 4
| #define SIZEOF_LONG 4
| #define SIZEOF_LONG_LONG 8
| #define HAVE_LINUX_TELEPHONY_H 1
| /* end confdefs.h.  */
| #include </usr/local/include/sys/telephony.h>
configure:5356: result: no
configure:5391: checking for /usr/local/include/sys/telephony.h
configure:5398: result: no
configure:5414: checking if ixjuser.h actually compiles
configure:5432: gcc -c -g -O2  conftest.c >&5
configure:5438: $? = 0
configure:5442: test -z 
			 || test ! -s conftest.err
configure:5445: $? = 0
configure:5448: test -s conftest.o
configure:5451: $? = 0
configure:5462: result: yes
configure:5475: checking Voicetronix vpb
configure:5491: result: enabled
configure:5515: checking capi20.h usability
configure:5527: gcc -c -g -O2  conftest.c >&5
conftest.c:62:20: error: capi20.h: No such file or directory
configure:5533: $? = 1
configure: failed program was:
| /* confdefs.h.  */
| 
| #define PACKAGE_NAME ""
| #define PACKAGE_TARNAME ""
| #define PACKAGE_VERSION ""
| #define PACKAGE_STRING ""
| #define PACKAGE_BUGREPORT ""
| #ifdef __cplusplus
| extern "C" void exit (int) throw ();
| #endif
| #define STDC_HEADERS 1
| #define H323_SYSTEM_GSM 0
| #define HAVE_SYS_TYPES_H 1
| #define HAVE_SYS_STAT_H 1
| #define HAVE_STDLIB_H 1
| #define HAVE_STRING_H 1
| #define HAVE_MEMORY_H 1
| #define HAVE_STRINGS_H 1
| #define HAVE_INTTYPES_H 1
| #define HAVE_STDINT_H 1
| #define HAVE_UNISTD_H 1
| #define SIZEOF_SHORT 2
| #define SIZEOF_INT 4
| #define SIZEOF_LONG 4
| #define SIZEOF_LONG_LONG 8
| #define HAVE_LINUX_TELEPHONY_H 1
| /* end confdefs.h.  */
| #include <stdio.h>
| #if HAVE_SYS_TYPES_H
| # include <sys/types.h>
| #endif
| #if HAVE_SYS_STAT_H
| # include <sys/stat.h>
| #endif
| #if STDC_HEADERS
| # include <stdlib.h>
| # include <stddef.h>
| #else
| # if HAVE_STDLIB_H
| #  include <stdlib.h>
| # endif
| #endif
| #if HAVE_STRING_H
| # if !STDC_HEADERS && HAVE_MEMORY_H
| #  include <memory.h>
| # endif
| # include <string.h>
| #endif
| #if HAVE_STRINGS_H
| # include <strings.h>
| #endif
| #if HAVE_INTTYPES_H
| # include <inttypes.h>
| #else
| # if HAVE_STDINT_H
| #  include <stdint.h>
| # endif
| #endif
| #if HAVE_UNISTD_H
| # include <unistd.h>
| #endif
| #include <capi20.h>
configure:5556: result: no
configure:5560: checking capi20.h presence
configure:5570: gcc -E  conftest.c
conftest.c:28:20: error: capi20.h: No such file or directory
configure:5576: $? = 1
configure: failed program was:
| /* confdefs.h.  */
| 
| #define PACKAGE_NAME ""
| #define PACKAGE_TARNAME ""
| #define PACKAGE_VERSION ""
| #define PACKAGE_STRING ""
| #define PACKAGE_BUGREPORT ""
| #ifdef __cplusplus
| extern "C" void exit (int) throw ();
| #endif
| #define STDC_HEADERS 1
| #define H323_SYSTEM_GSM 0
| #define HAVE_SYS_TYPES_H 1
| #define HAVE_SYS_STAT_H 1
| #define HAVE_STDLIB_H 1
| #define HAVE_STRING_H 1
| #define HAVE_MEMORY_H 1
| #define HAVE_STRINGS_H 1
| #define HAVE_INTTYPES_H 1
| #define HAVE_STDINT_H 1
| #define HAVE_UNISTD_H 1
| #define SIZEOF_SHORT 2
| #define SIZEOF_INT 4
| #define SIZEOF_LONG 4
| #define SIZEOF_LONG_LONG 8
| #define HAVE_LINUX_TELEPHONY_H 1
| /* end confdefs.h.  */
| #include <capi20.h>
configure:5596: result: no
configure:5631: checking for capi20.h
configure:5638: result: no
configure:5652: checking CAPI
configure:5672: result: not available
configure:5697: checking dlfcn.h usability
configure:5709: gcc -c -g -O2  conftest.c >&5
configure:5715: $? = 0
configure:5719: test -z 
			 || test ! -s conftest.err
configure:5722: $? = 0
configure:5725: test -s conftest.o
configure:5728: $? = 0
configure:5738: result: yes
configure:5742: checking dlfcn.h presence
configure:5752: gcc -E  conftest.c
configure:5758: $? = 0
configure:5778: result: yes
configure:5813: checking for dlfcn.h
configure:5820: result: yes
configure:5836: checking if dlopen is available
configure:5854: gcc -c -g -O2  conftest.c >&5
configure:5860: $? = 0
configure:5864: test -z 
			 || test ! -s conftest.err
configure:5867: $? = 0
configure:5870: test -s conftest.o
configure:5873: $? = 0
configure:5887: result: yes
configure:5889: checking for dlopen in -ldl
configure:5919: gcc -o conftest -g -O2   conftest.c -ldl   >&5
configure:5925: $? = 0
configure:5929: test -z 
			 || test ! -s conftest.err
configure:5932: $? = 0
configure:5935: test -s conftest
configure:5938: $? = 0
configure:5951: result: yes
configure:5967: checking MPEG4 plugin
configure:5996: result: disabled
configure:6010: FFMPEG stack align hack disabled
configure:6031: checking for avcodec_init in -lavcodec
configure:6061: gcc -o conftest -g -O2   conftest.c -lavcodec   -lm -lz >&5
/usr/lib/gcc/i486-slackware-linux/4.3.3/../../../../i486-slackware-linux/bin/ld: cannot find -lz
collect2: ld returned 1 exit status
configure:6067: $? = 1
configure: failed program was:
| /* confdefs.h.  */
| 
| #define PACKAGE_NAME ""
| #define PACKAGE_TARNAME ""
| #define PACKAGE_VERSION ""
| #define PACKAGE_STRING ""
| #define PACKAGE_BUGREPORT ""
| #ifdef __cplusplus
| extern "C" void exit (int) throw ();
| #endif
| #define STDC_HEADERS 1
| #define H323_SYSTEM_GSM 0
| #define HAVE_SYS_TYPES_H 1
| #define HAVE_SYS_STAT_H 1
| #define HAVE_STDLIB_H 1
| #define HAVE_STRING_H 1
| #define HAVE_MEMORY_H 1
| #define HAVE_STRINGS_H 1
| #define HAVE_INTTYPES_H 1
| #define HAVE_STDINT_H 1
| #define HAVE_UNISTD_H 1
| #define SIZEOF_SHORT 2
| #define SIZEOF_INT 4
| #define SIZEOF_LONG 4
| #define SIZEOF_LONG_LONG 8
| #define HAVE_LINUX_TELEPHONY_H 1
| #define HAVE_DLFCN_H 1
| /* end confdefs.h.  */
| 
| /* Override any gcc2 internal prototype to avoid an error.  */
| #ifdef __cplusplus
| extern "C"
| #endif
| /* We use char because int might match the return type of a gcc2
|    builtin and then its argument prototype would still apply.  */
| char avcodec_init ();
| int
| main ()
| {
| avcodec_init ();
|   ;
|   return 0;
| }
configure:6093: result: no
configure:6117: checking ffmpeg/avcodec.h usability
configure:6129: gcc -c -g -O2  conftest.c >&5
conftest.c:63:28: error: ffmpeg/avcodec.h: No such file or directory
configure:6135: $? = 1
configure: failed program was:
| /* confdefs.h.  */
| 
| #define PACKAGE_NAME ""
| #define PACKAGE_TARNAME ""
| #define PACKAGE_VERSION ""
| #define PACKAGE_STRING ""
| #define PACKAGE_BUGREPORT ""
| #ifdef __cplusplus
| extern "C" void exit (int) throw ();
| #endif
| #define STDC_HEADERS 1
| #define H323_SYSTEM_GSM 0
| #define HAVE_SYS_TYPES_H 1
| #define HAVE_SYS_STAT_H 1
| #define HAVE_STDLIB_H 1
| #define HAVE_STRING_H 1
| #define HAVE_MEMORY_H 1
| #define HAVE_STRINGS_H 1
| #define HAVE_INTTYPES_H 1
| #define HAVE_STDINT_H 1
| #define HAVE_UNISTD_H 1
| #define SIZEOF_SHORT 2
| #define SIZEOF_INT 4
| #define SIZEOF_LONG 4
| #define SIZEOF_LONG_LONG 8
| #define HAVE_LINUX_TELEPHONY_H 1
| #define HAVE_DLFCN_H 1
| /* end confdefs.h.  */
| #include <stdio.h>
| #if HAVE_SYS_TYPES_H
| # include <sys/types.h>
| #endif
| #if HAVE_SYS_STAT_H
| # include <sys/stat.h>
| #endif
| #if STDC_HEADERS
| # include <stdlib.h>
| # include <stddef.h>
| #else
| # if HAVE_STDLIB_H
| #  include <stdlib.h>
| # endif
| #endif
| #if HAVE_STRING_H
| # if !STDC_HEADERS && HAVE_MEMORY_H
| #  include <memory.h>
| # endif
| # include <string.h>
| #endif
| #if HAVE_STRINGS_H
| # include <strings.h>
| #endif
| #if HAVE_INTTYPES_H
| # include <inttypes.h>
| #else
| # if HAVE_STDINT_H
| #  include <stdint.h>
| # endif
| #endif
| #if HAVE_UNISTD_H
| # include <unistd.h>
| #endif
| #include <ffmpeg/avcodec.h>
configure:6158: result: no
configure:6162: checking ffmpeg/avcodec.h presence
configure:6172: gcc -E  conftest.c
conftest.c:29:28: error: ffmpeg/avcodec.h: No such file or directory
configure:6178: $? = 1
configure: failed program was:
| /* confdefs.h.  */
| 
| #define PACKAGE_NAME ""
| #define PACKAGE_TARNAME ""
| #define PACKAGE_VERSION ""
| #define PACKAGE_STRING ""
| #define PACKAGE_BUGREPORT ""
| #ifdef __cplusplus
| extern "C" void exit (int) throw ();
| #endif
| #define STDC_HEADERS 1
| #define H323_SYSTEM_GSM 0
| #define HAVE_SYS_TYPES_H 1
| #define HAVE_SYS_STAT_H 1
| #define HAVE_STDLIB_H 1
| #define HAVE_STRING_H 1
| #define HAVE_MEMORY_H 1
| #define HAVE_STRINGS_H 1
| #define HAVE_INTTYPES_H 1
| #define HAVE_STDINT_H 1
| #define HAVE_UNISTD_H 1
| #define SIZEOF_SHORT 2
| #define SIZEOF_INT 4
| #define SIZEOF_LONG 4
| #define SIZEOF_LONG_LONG 8
| #define HAVE_LINUX_TELEPHONY_H 1
| #define HAVE_DLFCN_H 1
| /* end confdefs.h.  */
| #include <ffmpeg/avcodec.h>
configure:6198: result: no
configure:6233: checking for ffmpeg/avcodec.h
configure:6240: result: no
configure:6325: checking for x264_encoder_open in -lx264
configure:6355: gcc -o conftest -g -O2   conftest.c -lx264   -lm -lz -lpthread >&5
/usr/lib/gcc/i486-slackware-linux/4.3.3/../../../../i486-slackware-linux/bin/ld: cannot find -lz
collect2: ld returned 1 exit status
configure:6361: $? = 1
configure: failed program was:
| /* confdefs.h.  */
| 
| #define PACKAGE_NAME ""
| #define PACKAGE_TARNAME ""
| #define PACKAGE_VERSION ""
| #define PACKAGE_STRING ""
| #define PACKAGE_BUGREPORT ""
| #ifdef __cplusplus
| extern "C" void exit (int) throw ();
| #endif
| #define STDC_HEADERS 1
| #define H323_SYSTEM_GSM 0
| #define HAVE_SYS_TYPES_H 1
| #define HAVE_SYS_STAT_H 1
| #define HAVE_STDLIB_H 1
| #define HAVE_STRING_H 1
| #define HAVE_MEMORY_H 1
| #define HAVE_STRINGS_H 1
| #define HAVE_INTTYPES_H 1
| #define HAVE_STDINT_H 1
| #define HAVE_UNISTD_H 1
| #define SIZEOF_SHORT 2
| #define SIZEOF_INT 4
| #define SIZEOF_LONG 4
| #define SIZEOF_LONG_LONG 8
| #define HAVE_LINUX_TELEPHONY_H 1
| #define HAVE_DLFCN_H 1
| /* end confdefs.h.  */
| 
| /* Override any gcc2 internal prototype to avoid an error.  */
| #ifdef __cplusplus
| extern "C"
| #endif
| /* We use char because int might match the return type of a gcc2
|    builtin and then its argument prototype would still apply.  */
| char x264_encoder_open ();
| int
| main ()
| {
| x264_encoder_open ();
|   ;
|   return 0;
| }
configure:6387: result: no
configure:6625: checking for theora_encode_init in -ltheora
configure:6655: gcc -o conftest -g -O2   conftest.c -ltheora   -lm -lz -lpthread >&5
/usr/lib/gcc/i486-slackware-linux/4.3.3/../../../../i486-slackware-linux/bin/ld: cannot find -ltheora
collect2: ld returned 1 exit status
configure:6661: $? = 1
configure: failed program was:
| /* confdefs.h.  */
| 
| #define PACKAGE_NAME ""
| #define PACKAGE_TARNAME ""
| #define PACKAGE_VERSION ""
| #define PACKAGE_STRING ""
| #define PACKAGE_BUGREPORT ""
| #ifdef __cplusplus
| extern "C" void exit (int) throw ();
| #endif
| #define STDC_HEADERS 1
| #define H323_SYSTEM_GSM 0
| #define HAVE_SYS_TYPES_H 1
| #define HAVE_SYS_STAT_H 1
| #define HAVE_STDLIB_H 1
| #define HAVE_STRING_H 1
| #define HAVE_MEMORY_H 1
| #define HAVE_STRINGS_H 1
| #define HAVE_INTTYPES_H 1
| #define HAVE_STDINT_H 1
| #define HAVE_UNISTD_H 1
| #define SIZEOF_SHORT 2
| #define SIZEOF_INT 4
| #define SIZEOF_LONG 4
| #define SIZEOF_LONG_LONG 8
| #define HAVE_LINUX_TELEPHONY_H 1
| #define HAVE_DLFCN_H 1
| /* end confdefs.h.  */
| 
| /* Override any gcc2 internal prototype to avoid an error.  */
| #ifdef __cplusplus
| extern "C"
| #endif
| /* We use char because int might match the return type of a gcc2
|    builtin and then its argument prototype would still apply.  */
| char theora_encode_init ();
| int
| main ()
| {
| theora_encode_init ();
|   ;
|   return 0;
| }
configure:6687: result: no
configure:7064: creating ./config.status

## ---------------------- ##
## Running config.status. ##
## ---------------------- ##

This file was extended by config.status, which was
generated by GNU Autoconf 2.59.  Invocation command line was

  CONFIG_FILES    = 
  CONFIG_HEADERS  = 
  CONFIG_LINKS    = 
  CONFIG_COMMANDS = 
  $ ./config.status 

on darkstar

config.status:692: creating audio/GSM0610/Makefile
config.status:692: creating audio/gsm-amr/Makefile
config.status:692: creating audio/iLBC/Makefile
config.status:692: creating audio/Speex/Makefile
config.status:692: creating audio/LPC_10/Makefile
config.status:692: creating audio/G726/Makefile
config.status:692: creating audio/IMA_ADPCM/Makefile
config.status:692: creating video/H.263-ffmpeg/Makefile
config.status:692: creating Makefile
config.status:692: creating audio/Speex/libspeex/speex_config_types.h
configure:8031: creating ./config.status

## ---------------------- ##
## Running config.status. ##
## ---------------------- ##

This file was extended by config.status, which was
generated by GNU Autoconf 2.59.  Invocation command line was

  CONFIG_FILES    = 
  CONFIG_HEADERS  = 
  CONFIG_LINKS    = 
  CONFIG_COMMANDS = 
  $ ./config.status 

on darkstar

config.status:692: creating audio/GSM0610/Makefile
config.status:692: creating audio/gsm-amr/Makefile
config.status:692: creating audio/iLBC/Makefile
config.status:692: creating audio/Speex/Makefile
config.status:692: creating audio/LPC_10/Makefile
config.status:692: creating audio/G726/Makefile
config.status:692: creating audio/IMA_ADPCM/Makefile
config.status:692: creating video/H.263-ffmpeg/Makefile
config.status:692: creating Makefile
config.status:692: creating audio/Speex/libspeex/speex_config_types.h

## ---------------- ##
## Cache variables. ##
## ---------------- ##

ac_cv_build=i686-pc-linux-gnu
ac_cv_build_alias=i686-pc-linux-gnu
ac_cv_c_compiler_gnu=yes
ac_cv_cxx_compiler_gnu=yes
ac_cv_env_CC_set=
ac_cv_env_CC_value=
ac_cv_env_CFLAGS_set=
ac_cv_env_CFLAGS_value=
ac_cv_env_CPPFLAGS_set=
ac_cv_env_CPPFLAGS_value=
ac_cv_env_CPP_set=
ac_cv_env_CPP_value=
ac_cv_env_CXXFLAGS_set=
ac_cv_env_CXXFLAGS_value=
ac_cv_env_CXX_set=
ac_cv_env_CXX_value=
ac_cv_env_LDFLAGS_set=
ac_cv_env_LDFLAGS_value=
ac_cv_env_build_alias_set=
ac_cv_env_build_alias_value=
ac_cv_env_host_alias_set=
ac_cv_env_host_alias_value=
ac_cv_env_target_alias_set=
ac_cv_env_target_alias_value=
ac_cv_exeext=
ac_cv_header__usr_local_include_sys_telephony_h=no
ac_cv_header_capi20_h=no
ac_cv_header_dlfcn_h=yes
ac_cv_header_ffmpeg_avcodec_h=no
ac_cv_header_inttypes_h=yes
ac_cv_header_linux_telephony_h=yes
ac_cv_header_memory_h=yes
ac_cv_header_stdc=yes
ac_cv_header_stdint_h=yes
ac_cv_header_stdlib_h=yes
ac_cv_header_string_h=yes
ac_cv_header_strings_h=yes
ac_cv_header_sys_stat_h=yes
ac_cv_header_sys_telephony_h=no
ac_cv_header_sys_types_h=yes
ac_cv_header_unistd_h=yes
ac_cv_host=i686-pc-linux-gnu
ac_cv_host_alias=i686-pc-linux-gnu
ac_cv_lib_avcodec_avcodec_init=no
ac_cv_lib_dl_dlopen=yes
ac_cv_lib_gsm_gsm_create=no
ac_cv_lib_speex_speex_encoder_destroy=no
ac_cv_lib_theora_theora_encode_init=no
ac_cv_lib_x264_x264_encoder_open=no
ac_cv_objext=o
ac_cv_prog_CPP='gcc -E'
ac_cv_prog_ac_ct_CC=gcc
ac_cv_prog_ac_ct_CXX=g++
ac_cv_prog_cc_g=yes
ac_cv_prog_cc_stdc=
ac_cv_prog_cxx_g=yes
ac_cv_prog_egrep='grep -E'
ac_cv_sizeof_int=4
ac_cv_sizeof_long=4
ac_cv_sizeof_long_long=8
ac_cv_sizeof_short=2
ac_cv_target=i686-pc-linux-gnu
ac_cv_target_alias=i686-pc-linux-gnu
ac_cv_type_int=yes
ac_cv_type_long=yes
ac_cv_type_long_long=yes
ac_cv_type_short=yes

## ----------------- ##
## Output variables. ##
## ----------------- ##

CC='gcc'
CFLAGS='-g -O2'
CPP='gcc -E'
CPPFLAGS=''
CXX='g++'
CXXFLAGS='-g -O2'
DEFS='-DPACKAGE_NAME=\"\" -DPACKAGE_TARNAME=\"\" -DPACKAGE_VERSION=\"\" -DPACKAGE_STRING=\"\" -DPACKAGE_BUGREPORT=\"\" -DSTDC_HEADERS=1 -DH323_SYSTEM_GSM=0 -DHAVE_SYS_TYPES_H=1 -DHAVE_SYS_STAT_H=1 -DHAVE_STDLIB_H=1 -DHAVE_STRING_H=1 -DHAVE_MEMORY_H=1 -DHAVE_STRINGS_H=1 -DHAVE_INTTYPES_H=1 -DHAVE_STDINT_H=1 -DHAVE_UNISTD_H=1 -DSIZEOF_SHORT=2 -DSIZEOF_INT=4 -DSIZEOF_LONG=4 -DSIZEOF_LONG_LONG=8 -DHAVE_LINUX_TELEPHONY_H=1 -DHAVE_DLFCN_H=1 '
ECHO_C=''
ECHO_N='-n'
ECHO_T=''
EGREP='grep -E'
EXEEXT=''
FFMPEG_CFLAGS=''
FFMPEG_SOURCE=''
FFMPEG_STACKALIGN_HACK=''
H264_LIBS=''
H323_GSMAMR_NB_FLOAT='1'
H323_SYSTEM_GSM='0'
H323_SYSTEM_SPEEX=''
HAS_CAPI='0'
HAS_FFMPEG='0'
HAS_H263='1'
HAS_IXJ='1'
HAS_LIBDL='1'
HAS_MPEG4='0'
HAS_THEORA='022'
HAS_VPB='1'
HAS_X264='0'
INSTALLPREFIX='/usr/local'
LDFLAGS=''
LDSO='-shared -Wl,-soname,$(SONAME)'
LIBDIR='${exec_prefix}/lib'
LIBOBJS=''
LIBS=''
LTLIBOBJS=''
OBJEXT='o'
PACKAGE_BUGREPORT=''
PACKAGE_NAME=''
PACKAGE_STRING=''
PACKAGE_TARNAME=''
PACKAGE_VERSION=''
PATH_SEPARATOR=':'
PLUGINEXT='so'
SHELL='/bin/sh'
SIZE16='short'
SIZE32='int'
STDCCFLAGS='-fPIC'
THEORA_LIBS=''
X264_CFLAGS=''
ac_ct_CC='gcc'
ac_ct_CXX='g++'
bindir='${exec_prefix}/bin'
build='i686-pc-linux-gnu'
build_alias=''
build_cpu='i686'
build_os='linux-gnu'
build_vendor='pc'
datadir='${prefix}/share'
exec_prefix='${prefix}'
host='i686-pc-linux-gnu'
host_alias=''
host_cpu='i686'
host_os='linux-gnu'
host_vendor='pc'
includedir='${prefix}/include'
infodir='${prefix}/info'
libdir='${exec_prefix}/lib'
libexecdir='${exec_prefix}/libexec'
localstatedir='${prefix}/var'
mandir='${prefix}/man'
oldincludedir='/usr/include'
prefix='/usr/local'
program_transform_name='s,x,x,'
sbindir='${exec_prefix}/sbin'
sharedstatedir='${prefix}/com'
sysconfdir='${prefix}/etc'
target='i686-pc-linux-gnu'
target_alias=''
target_cpu='i686'
target_os='linux-gnu'
target_vendor='pc'

## ----------- ##
## confdefs.h. ##
## ----------- ##

#define H323_SYSTEM_GSM 0
#define HAVE_DLFCN_H 1
#define HAVE_INTTYPES_H 1
#define HAVE_LINUX_TELEPHONY_H 1
#define HAVE_MEMORY_H 1
#define HAVE_STDINT_H 1
#define HAVE_STDLIB_H 1
#define HAVE_STRINGS_H 1
#define HAVE_STRING_H 1
#define HAVE_SYS_STAT_H 1
#define HAVE_SYS_TYPES_H 1
#define HAVE_UNISTD_H 1
#define PACKAGE_BUGREPORT ""
#define PACKAGE_NAME ""
#define PACKAGE_STRING ""
#define PACKAGE_TARNAME ""
#define PACKAGE_VERSION ""
#define SIZEOF_INT 4
#define SIZEOF_LONG 4
#define SIZEOF_LONG_LONG 8
#define SIZEOF_SHORT 2
#define STDC_HEADERS 1
#endif
#ifdef __cplusplus
extern "C" void exit (int) throw ();

configure: exit 0
